Using pre-set license
Built from '2021.3/staging' branch; Version is '2021.3.21f1 (1b156197d683) revision 1774945'; Using compiler version '192829333'; Build Type 'Release'
OS: 'Windows 11  (10.0.22621) 64bit CoreSingleLanguage' Language: 'es' Physical Memory: 12063 MB
BatchMode: 1, IsHumanControllingUs: 0, StartBugReporterOnCrash: 0, Is64bit: 1, IsPro: 1

COMMAND LINE ARGUMENTS:
C:\Program Files\Unity\Hub\Editor\2021.3.21f1\Editor\Unity.exe
-adb2
-batchMode
-noUpm
-name
AssetImportWorker0
-projectPath
C:/Users/am393/OneDrive/Escritorio/NOVENO CICLO/VIDEOJUEGOS/UNITY/Prácticas
-logFile
Logs/AssetImportWorker0.log
-srvPort
62786
Successfully changed project path to: C:/Users/am393/OneDrive/Escritorio/NOVENO CICLO/VIDEOJUEGOS/UNITY/Prácticas
C:/Users/am393/OneDrive/Escritorio/NOVENO CICLO/VIDEOJUEGOS/UNITY/Prácticas
[UnityMemory] Configuration Parameters - Can be set up in boot.config
    "memorysetup-bucket-allocator-granularity=16"
    "memorysetup-bucket-allocator-bucket-count=8"
    "memorysetup-bucket-allocator-block-size=33554432"
    "memorysetup-bucket-allocator-block-count=8"
    "memorysetup-main-allocator-block-size=16777216"
    "memorysetup-thread-allocator-block-size=16777216"
    "memorysetup-gfx-main-allocator-block-size=16777216"
    "memorysetup-gfx-thread-allocator-block-size=16777216"
    "memorysetup-cache-allocator-block-size=4194304"
    "memorysetup-typetree-allocator-block-size=2097152"
    "memorysetup-profiler-bucket-allocator-granularity=16"
    "memorysetup-profiler-bucket-allocator-bucket-count=8"
    "memorysetup-profiler-bucket-allocator-block-size=33554432"
    "memorysetup-profiler-bucket-allocator-block-count=8"
    "memorysetup-profiler-allocator-block-size=16777216"
    "memorysetup-profiler-editor-allocator-block-size=1048576"
    "memorysetup-temp-allocator-size-main=16777216"
    "memorysetup-job-temp-allocator-block-size=2097152"
    "memorysetup-job-temp-allocator-block-size-background=1048576"
    "memorysetup-job-temp-allocator-reduction-small-platforms=262144"
    "memorysetup-temp-allocator-size-background-worker=32768"
    "memorysetup-temp-allocator-size-job-worker=262144"
    "memorysetup-temp-allocator-size-preload-manager=33554432"
    "memorysetup-temp-allocator-size-nav-mesh-worker=65536"
    "memorysetup-temp-allocator-size-audio-worker=65536"
    "memorysetup-temp-allocator-size-cloud-worker=32768"
    "memorysetup-temp-allocator-size-gi-baking-worker=262144"
    "memorysetup-temp-allocator-size-gfx=262144"
Player connection [7092] Host "[IP] 192.168.56.1 [Port] 0 [Flags] 2 [Guid] 2247248058 [EditorId] 2247248058 [Version] 1048832 [Id] WindowsEditor(7,STEFANY) [Debug] 1 [PackageName] WindowsEditor [ProjectName] Editor" joined multi-casting on [225.0.0.222:54997]...

Player connection [7092] Host "[IP] 192.168.56.1 [Port] 0 [Flags] 2 [Guid] 2247248058 [EditorId] 2247248058 [Version] 1048832 [Id] WindowsEditor(7,STEFANY) [Debug] 1 [PackageName] WindowsEditor [ProjectName] Editor" joined alternative multi-casting on [225.0.0.222:34997]...

Refreshing native plugins compatible for Editor in 138.33 ms, found 4 plugins.
Preloading 0 native plugins for Editor in 0.00 ms.
Initialize engine version: 2021.3.21f1 (1b156197d683)
[Subsystems] Discovering subsystems at path C:/Program Files/Unity/Hub/Editor/2021.3.21f1/Editor/Data/Resources/UnitySubsystems
[Subsystems] Discovering subsystems at path C:/Users/am393/OneDrive/Escritorio/NOVENO CICLO/VIDEOJUEGOS/UNITY/Prácticas/Assets
GfxDevice: creating device client; threaded=0; jobified=0
Direct3D:
    Version:  Direct3D 11.0 [level 11.1]
    Renderer: Intel(R) Iris(R) Plus Graphics (ID=0x8a52)
    Vendor:   Intel
    VRAM:     6031 MB
    Driver:   27.20.100.8783
Initialize mono
Mono path[0] = 'C:/Program Files/Unity/Hub/Editor/2021.3.21f1/Editor/Data/Managed'
Mono path[1] = 'C:/Program Files/Unity/Hub/Editor/2021.3.21f1/Editor/Data/MonoBleedingEdge/lib/mono/unityjit-win32'
Mono config path = 'C:/Program Files/Unity/Hub/Editor/2021.3.21f1/Editor/Data/MonoBleedingEdge/etc'
Using monoOptions --debugger-agent=transport=dt_socket,embedding=1,server=y,suspend=n,address=127.0.0.1:56656
Begin MonoManager ReloadAssembly
Registering precompiled unity dll's ...
Register platform support module: C:/Program Files/Unity/Hub/Editor/2021.3.21f1/Editor/Data/PlaybackEngines/WebGLSupport/UnityEditor.WebGL.Extensions.dll
Register platform support module: C:/Program Files/Unity/Hub/Editor/2021.3.21f1/Editor/Data/PlaybackEngines/AndroidPlayer/UnityEditor.Android.Extensions.dll
Register platform support module: C:/Program Files/Unity/Hub/Editor/2021.3.21f1/Editor/Data/PlaybackEngines/iOSSupport/UnityEditor.iOS.Extensions.dll
Register platform support module: C:/Program Files/Unity/Hub/Editor/2021.3.21f1/Editor/Data/PlaybackEngines/WindowsStandaloneSupport/UnityEditor.WindowsStandalone.Extensions.dll
Registered in 0.006306 seconds.
Native extension for WindowsStandalone target not found
[usbmuxd] Start listen thread
[usbmuxd] Listen thread started
Native extension for iOS target not found
Native extension for Android target not found
Android Extension - Scanning For ADB Devices 499 ms
Native extension for WebGL target not found
Refreshing native plugins compatible for Editor in 103.86 ms, found 4 plugins.
Preloading 0 native plugins for Editor in 0.00 ms.
Mono: successfully reloaded assembly
- Completed reload, in  1.384 seconds
Domain Reload Profiling:
	ReloadAssembly (1384ms)
		BeginReloadAssembly (91ms)
			ExecutionOrderSort (0ms)
			DisableScriptedObjects (0ms)
			BackupInstance (0ms)
			ReleaseScriptingObjects (0ms)
			CreateAndSetChildDomain (1ms)
		EndReloadAssembly (1160ms)
			LoadAssemblies (90ms)
			RebuildTransferFunctionScriptingTraits (0ms)
			SetupTypeCache (142ms)
			ReleaseScriptCaches (0ms)
			RebuildScriptCaches (40ms)
			SetupLoadedEditorAssemblies (915ms)
				LogAssemblyErrors (0ms)
				InitializePlatformSupportModulesInManaged (644ms)
				SetLoadedEditorAssemblies (0ms)
				RefreshPlugins (104ms)
				BeforeProcessingInitializeOnLoad (2ms)
				ProcessInitializeOnLoadAttributes (111ms)
				ProcessInitializeOnLoadMethodAttributes (54ms)
				AfterProcessingInitializeOnLoad (0ms)
				EditorAssembliesLoaded (0ms)
			ExecutionOrderSort2 (0ms)
			AwakeInstancesAfterBackupRestoration (0ms)
Platform modules already initialized, skipping
Registering precompiled user dll's ...
Registered in 0.005637 seconds.
Begin MonoManager ReloadAssembly
Symbol file LoadedFromMemory doesn't match image C:\Users\am393\OneDrive\Escritorio\NOVENO CICLO\VIDEOJUEGOS\UNITY\Prácticas\Library\PackageCache\com.unity.visualscripting@1.8.0\Editor\VisualScripting.Core\Dependencies\YamlDotNet\Unity.VisualScripting.YamlDotNet.dll
Symbol file LoadedFromMemory doesn't match image C:\Users\am393\OneDrive\Escritorio\NOVENO CICLO\VIDEOJUEGOS\UNITY\Prácticas\Library\PackageCache\com.unity.visualscripting@1.8.0\Editor\VisualScripting.Core\Dependencies\DotNetZip\Unity.VisualScripting.IonicZip.dll
Native extension for WindowsStandalone target not found
Native extension for iOS target not found
Native extension for Android target not found
Native extension for WebGL target not found
Refreshing native plugins compatible for Editor in 105.98 ms, found 4 plugins.
Preloading 0 native plugins for Editor in 0.00 ms.
Mono: successfully reloaded assembly
- Completed reload, in  1.497 seconds
Domain Reload Profiling:
	ReloadAssembly (1498ms)
		BeginReloadAssembly (127ms)
			ExecutionOrderSort (0ms)
			DisableScriptedObjects (8ms)
			BackupInstance (0ms)
			ReleaseScriptingObjects (0ms)
			CreateAndSetChildDomain (24ms)
		EndReloadAssembly (1222ms)
			LoadAssemblies (116ms)
			RebuildTransferFunctionScriptingTraits (0ms)
			SetupTypeCache (343ms)
			ReleaseScriptCaches (1ms)
			RebuildScriptCaches (72ms)
			SetupLoadedEditorAssemblies (606ms)
				LogAssemblyErrors (0ms)
				InitializePlatformSupportModulesInManaged (35ms)
				SetLoadedEditorAssemblies (0ms)
				RefreshPlugins (106ms)
				BeforeProcessingInitializeOnLoad (103ms)
				ProcessInitializeOnLoadAttributes (297ms)
				ProcessInitializeOnLoadMethodAttributes (59ms)
				AfterProcessingInitializeOnLoad (5ms)
				EditorAssembliesLoaded (0ms)
			ExecutionOrderSort2 (0ms)
			AwakeInstancesAfterBackupRestoration (7ms)
Platform modules already initialized, skipping
========================================================================
Worker process is ready to serve import requests
Launched and connected shader compiler UnityShaderCompiler.exe after 0.10 seconds
Refreshing native plugins compatible for Editor in 0.70 ms, found 4 plugins.
Preloading 0 native plugins for Editor in 0.00 ms.
Unloading 3736 Unused Serialized files (Serialized files now loaded: 0)
Unloading 41 unused Assets / (228.9 KB). Loaded Objects now: 4191.
Memory consumption went from 143.9 MB to 143.7 MB.
Total: 3.547700 ms (FindLiveObjects: 0.356400 ms CreateObjectMapping: 0.174800 ms MarkObjects: 2.704800 ms  DeleteObjects: 0.310000 ms)

AssetImportParameters requested are different than current active one (requested -> active):
  custom:video-decoder-ogg-theora: a1e56fd34408186e4bbccfd4996cb3dc -> 
  custom:container-muxer-webm: aa71ff27fc2769a1b78a27578f13a17b -> 
  custom:container-demuxer-webm: 4f35f7cbe854078d1ac9338744f61a02 -> 
  custom:video-encoder-webm-vp8: eb34c28f22e8b96e1ab97ce403110664 -> 
  custom:video-codec-MediaFoundation-h265: 746d11721c4dcdbdad8f713fa42b33f4 -> 
  custom:audio-encoder-webm-vorbis: bf7c407c2cedff20999df2af8eb42d56 -> 
  custom:framework-win-MediaFoundation: 216162199b28c13a410421893ffa2e32 -> 
  custom:container-demuxer-ogg: 62fdf1f143b41e24485cea50d1cbac27 -> 
  custom:video-decoder-webm-vp8: 9c59270c3fd7afecdb556c50c9e8de78 -> 
  custom:audio-decoder-ogg-vorbis: bf7c407c2cedff20999df2af8eb42d56 -> 
========================================================================
Received Import Request.
  Time since last request: 388224.622028 seconds.
  path: Assets/Scenes/Paleta.unity
  artifactKey: Guid(52d5988e922028c478aa0d0cdb3190cc) Importer(815301076,1909f56bfc062723c751e8b465ee728b)
Start importing Assets/Scenes/Paleta.unity using Guid(52d5988e922028c478aa0d0cdb3190cc) Importer(815301076,1909f56bfc062723c751e8b465ee728b)  -> (artifact id: '2501bc395da89ea40162693331f26334') in 0.013963 seconds 
========================================================================
Received Import Request.
  Time since last request: 77.964300 seconds.
  path: Assets/Cementerio
  artifactKey: Guid(01c6abb7d68fe1848b03afd77d9aef9f) Importer(815301076,1909f56bfc062723c751e8b465ee728b)
Start importing Assets/Cementerio using Guid(01c6abb7d68fe1848b03afd77d9aef9f) Importer(815301076,1909f56bfc062723c751e8b465ee728b)  -> (artifact id: '03d90704c2d8e023999994b758592c7c') in 0.002426 seconds 
========================================================================
Received Import Request.
  Time since last request: 14.642045 seconds.
  path: Assets/PIXEL
  artifactKey: Guid(bdeb340752542e34596168d3849a01e0) Importer(815301076,1909f56bfc062723c751e8b465ee728b)
Start importing Assets/PIXEL using Guid(bdeb340752542e34596168d3849a01e0) Importer(815301076,1909f56bfc062723c751e8b465ee728b)  -> (artifact id: '9a46f62712c665945274060f067280a9') in 0.001872 seconds 
========================================================================
Received Import Request.
  Time since last request: 25.663895 seconds.
  path: Assets/PIXEL/__MACOSX
  artifactKey: Guid(caa68028877c006468ba34fc0b8b68be) Importer(815301076,1909f56bfc062723c751e8b465ee728b)
Start importing Assets/PIXEL/__MACOSX using Guid(caa68028877c006468ba34fc0b8b68be) Importer(815301076,1909f56bfc062723c751e8b465ee728b)  -> (artifact id: '88be077db87a9f17dfacd653b4c333f1') in 0.002100 seconds 
========================================================================
Received Import Request.
  Time since last request: 0.796173 seconds.
  path: Assets/PIXEL/__MACOSX/Pixel_Platformer_Tileset_Pack
  artifactKey: Guid(fedae96bf6f706043b1cd9255c04598f) Importer(815301076,1909f56bfc062723c751e8b465ee728b)
Start importing Assets/PIXEL/__MACOSX/Pixel_Platformer_Tileset_Pack using Guid(fedae96bf6f706043b1cd9255c04598f) Importer(815301076,1909f56bfc062723c751e8b465ee728b)  -> (artifact id: '4fbf55f1e974a952d03c5323495b9d88') in 0.003058 seconds 
========================================================================
Received Import Request.
  Time since last request: 1.160768 seconds.
  path: Assets/PIXEL/__MACOSX/Pixel_Platformer_Tileset_Pack/Asset_01
  artifactKey: Guid(d587e72fd9fdb7247b879fde16f2df6c) Importer(815301076,1909f56bfc062723c751e8b465ee728b)
Start importing Assets/PIXEL/__MACOSX/Pixel_Platformer_Tileset_Pack/Asset_01 using Guid(d587e72fd9fdb7247b879fde16f2df6c) Importer(815301076,1909f56bfc062723c751e8b465ee728b)  -> (artifact id: 'cefa481ebf8de3e47e22794c7a862fd1') in 0.001799 seconds 
========================================================================
Received Import Request.
  Time since last request: 2.142628 seconds.
  path: Assets/PIXEL/__MACOSX/Pixel_Platformer_Tileset_Pack/Asset_02
  artifactKey: Guid(4d3538a235989a64cacdd2ecb1168d3e) Importer(815301076,1909f56bfc062723c751e8b465ee728b)
Start importing Assets/PIXEL/__MACOSX/Pixel_Platformer_Tileset_Pack/Asset_02 using Guid(4d3538a235989a64cacdd2ecb1168d3e) Importer(815301076,1909f56bfc062723c751e8b465ee728b)  -> (artifact id: 'b2766bdef730bcde2282d3740c5d4640') in 0.002184 seconds 
========================================================================
Received Import Request.
  Time since last request: 1.108305 seconds.
  path: Assets/PIXEL/__MACOSX/Pixel_Platformer_Tileset_Pack/Asset_03
  artifactKey: Guid(1fa145e955869aa4dbab280352195b4c) Importer(815301076,1909f56bfc062723c751e8b465ee728b)
Start importing Assets/PIXEL/__MACOSX/Pixel_Platformer_Tileset_Pack/Asset_03 using Guid(1fa145e955869aa4dbab280352195b4c) Importer(815301076,1909f56bfc062723c751e8b465ee728b)  -> (artifact id: '60b1cfe7221abe21d57296a1e7b27e90') in 0.002219 seconds 
========================================================================
Received Import Request.
  Time since last request: 0.968395 seconds.
  path: Assets/PIXEL/__MACOSX/Pixel_Platformer_Tileset_Pack/Background
  artifactKey: Guid(db9d873c0a5e3dc4b87e03ca65b1abbc) Importer(815301076,1909f56bfc062723c751e8b465ee728b)
Start importing Assets/PIXEL/__MACOSX/Pixel_Platformer_Tileset_Pack/Background using Guid(db9d873c0a5e3dc4b87e03ca65b1abbc) Importer(815301076,1909f56bfc062723c751e8b465ee728b)  -> (artifact id: '0f4043b261fa165b26432e06ae88df2c') in 0.003176 seconds 
========================================================================
Received Import Request.
  Time since last request: 3.853897 seconds.
  path: Assets/PIXEL/Pixel_Platformer_Tileset_Pack
  artifactKey: Guid(6279368afeba4c14e9221fa2e5476702) Importer(815301076,1909f56bfc062723c751e8b465ee728b)
Start importing Assets/PIXEL/Pixel_Platformer_Tileset_Pack using Guid(6279368afeba4c14e9221fa2e5476702) Importer(815301076,1909f56bfc062723c751e8b465ee728b)  -> (artifact id: '6a296848980d804d8ecd4b2716a6811a') in 0.002075 seconds 
========================================================================
Received Import Request.
  Time since last request: 0.041709 seconds.
  path: Assets/PIXEL/Pixel_Platformer_Tileset_Pack/showcase_final.gif
  artifactKey: Guid(c0d96cc3aa4cda74083b30aae3b16f40) Importer(815301076,1909f56bfc062723c751e8b465ee728b)
Start importing Assets/PIXEL/Pixel_Platformer_Tileset_Pack/showcase_final.gif using Guid(c0d96cc3aa4cda74083b30aae3b16f40) Importer(815301076,1909f56bfc062723c751e8b465ee728b)  -> (artifact id: 'd22555e57e74af248e822c1ee81b15a3') in 0.137470 seconds 
========================================================================
Received Import Request.
  Time since last request: 10.097705 seconds.
  path: Assets/PIXEL/Pixel_Platformer_Tileset_Pack/Background
  artifactKey: Guid(f1e61f8d6c3e8694ebe8fe7049dc7079) Importer(815301076,1909f56bfc062723c751e8b465ee728b)
Start importing Assets/PIXEL/Pixel_Platformer_Tileset_Pack/Background using Guid(f1e61f8d6c3e8694ebe8fe7049dc7079) Importer(815301076,1909f56bfc062723c751e8b465ee728b)  -> (artifact id: '10319c8388e60a843d08a77357c9fd1d') in 0.002248 seconds 
========================================================================
Received Import Request.
  Time since last request: 21.761838 seconds.
  path: Assets/PIXEL/Pixel_Platformer_Tileset_Pack/Background/clouds.png
  artifactKey: Guid(f0214f70c0bc0614fa4458ed16f8fdf0) Importer(815301076,1909f56bfc062723c751e8b465ee728b)
Start importing Assets/PIXEL/Pixel_Platformer_Tileset_Pack/Background/clouds.png using Guid(f0214f70c0bc0614fa4458ed16f8fdf0) Importer(815301076,1909f56bfc062723c751e8b465ee728b)  -> (artifact id: '2c8122ae4bc67a32bc32d2c524030525') in 0.033052 seconds 
========================================================================
Received Import Request.
  Time since last request: 0.000031 seconds.
  path: Assets/PIXEL/Pixel_Platformer_Tileset_Pack/Background/sky_solid_color.png
  artifactKey: Guid(d9bf1c649b3c7f7429fcf3421bc64a44) Importer(815301076,1909f56bfc062723c751e8b465ee728b)
Start importing Assets/PIXEL/Pixel_Platformer_Tileset_Pack/Background/sky_solid_color.png using Guid(d9bf1c649b3c7f7429fcf3421bc64a44) Importer(815301076,1909f56bfc062723c751e8b465ee728b)  -> (artifact id: '60af9e042e6bd01c643452f0d87f84b7') in 0.046001 seconds 
========================================================================
Received Import Request.
  Time since last request: 0.000043 seconds.
  path: Assets/PIXEL/Pixel_Platformer_Tileset_Pack/Background/single_background.png
  artifactKey: Guid(ebcc3c41f663f8b4f81d10ab1689e151) Importer(815301076,1909f56bfc062723c751e8b465ee728b)
Start importing Assets/PIXEL/Pixel_Platformer_Tileset_Pack/Background/single_background.png using Guid(ebcc3c41f663f8b4f81d10ab1689e151) Importer(815301076,1909f56bfc062723c751e8b465ee728b)  -> (artifact id: '6d6c827bf523569ae029957da9c7a756') in 0.044783 seconds 
========================================================================
Received Import Request.
  Time since last request: 0.000065 seconds.
  path: Assets/PIXEL/Pixel_Platformer_Tileset_Pack/Background/mountain_depth_z_2.png
  artifactKey: Guid(bb72a81d6ff5aea45b0410353d6d1a13) Importer(815301076,1909f56bfc062723c751e8b465ee728b)
Start importing Assets/PIXEL/Pixel_Platformer_Tileset_Pack/Background/mountain_depth_z_2.png using Guid(bb72a81d6ff5aea45b0410353d6d1a13) Importer(815301076,1909f56bfc062723c751e8b465ee728b)  -> (artifact id: 'aabe8669d8209d18dfd39c1ce1128250') in 0.034010 seconds 
========================================================================
Received Import Request.
  Time since last request: 54.620259 seconds.
  path: Assets/PIXEL/Pixel_Platformer_Tileset_Pack/Asset_01
  artifactKey: Guid(b1a6844153ab3f44f9b921ad77cb331f) Importer(815301076,1909f56bfc062723c751e8b465ee728b)
Start importing Assets/PIXEL/Pixel_Platformer_Tileset_Pack/Asset_01 using Guid(b1a6844153ab3f44f9b921ad77cb331f) Importer(815301076,1909f56bfc062723c751e8b465ee728b)  -> (artifact id: '464615323cdaf4f00c92adf3e5f47bcf') in 0.002146 seconds 
========================================================================
Received Import Request.
  Time since last request: 0.040408 seconds.
  path: Assets/PIXEL/Pixel_Platformer_Tileset_Pack/Asset_01/pixel_platform_01_tileset_final.png
  artifactKey: Guid(a4d06735a96e09f45b369d638623dc0b) Importer(815301076,1909f56bfc062723c751e8b465ee728b)
Start importing Assets/PIXEL/Pixel_Platformer_Tileset_Pack/Asset_01/pixel_platform_01_tileset_final.png using Guid(a4d06735a96e09f45b369d638623dc0b) Importer(815301076,1909f56bfc062723c751e8b465ee728b)  -> (artifact id: 'f6cc2115a86375e246ada487a5e60174') in 0.026448 seconds 
========================================================================
Received Import Request.
  Time since last request: 112.588156 seconds.
  path: Assets/PIXEL/Pixel_Platformer_Tileset_Pack/Asset_01/pixel_platform_01_tileset_final.png
  artifactKey: Guid(a4d06735a96e09f45b369d638623dc0b) Importer(815301076,1909f56bfc062723c751e8b465ee728b)
Start importing Assets/PIXEL/Pixel_Platformer_Tileset_Pack/Asset_01/pixel_platform_01_tileset_final.png using Guid(a4d06735a96e09f45b369d638623dc0b) Importer(815301076,1909f56bfc062723c751e8b465ee728b)  -> (artifact id: '0264ba44e3a0d46f0e681ee4156d3b49') in 0.013397 seconds 
========================================================================
Received Import Request.
  Time since last request: 172.880572 seconds.
  path: Assets/PIXEL/Pixel_Platformer_Tileset_Pack/Asset_01/pixel_platform_01_tileset_final.png
  artifactKey: Guid(a4d06735a96e09f45b369d638623dc0b) Importer(815301076,1909f56bfc062723c751e8b465ee728b)
Start importing Assets/PIXEL/Pixel_Platformer_Tileset_Pack/Asset_01/pixel_platform_01_tileset_final.png using Guid(a4d06735a96e09f45b369d638623dc0b) Importer(815301076,1909f56bfc062723c751e8b465ee728b)  -> (artifact id: 'aeb53e3c42df8571ecd4f92e34b13a4a') in 0.167799 seconds 
========================================================================
Received Prepare
Registering precompiled user dll's ...
Registered in 0.004311 seconds.
Begin MonoManager ReloadAssembly
Symbol file LoadedFromMemory doesn't match image C:\Users\am393\OneDrive\Escritorio\NOVENO CICLO\VIDEOJUEGOS\UNITY\Prácticas\Library\PackageCache\com.unity.visualscripting@1.8.0\Editor\VisualScripting.Core\Dependencies\YamlDotNet\Unity.VisualScripting.YamlDotNet.dll
Symbol file LoadedFromMemory doesn't match image C:\Users\am393\OneDrive\Escritorio\NOVENO CICLO\VIDEOJUEGOS\UNITY\Prácticas\Library\PackageCache\com.unity.visualscripting@1.8.0\Editor\VisualScripting.Core\Dependencies\DotNetZip\Unity.VisualScripting.IonicZip.dll
Native extension for WindowsStandalone target not found
Native extension for iOS target not found
Native extension for Android target not found
Native extension for WebGL target not found
Refreshing native plugins compatible for Editor in 0.64 ms, found 4 plugins.
Preloading 0 native plugins for Editor in 0.00 ms.
Mono: successfully reloaded assembly
- Completed reload, in  1.727 seconds
Domain Reload Profiling:
	ReloadAssembly (1730ms)
		BeginReloadAssembly (168ms)
			ExecutionOrderSort (0ms)
			DisableScriptedObjects (7ms)
			BackupInstance (0ms)
			ReleaseScriptingObjects (0ms)
			CreateAndSetChildDomain (47ms)
		EndReloadAssembly (1443ms)
			LoadAssemblies (142ms)
			RebuildTransferFunctionScriptingTraits (0ms)
			SetupTypeCache (431ms)
			ReleaseScriptCaches (2ms)
			RebuildScriptCaches (90ms)
			SetupLoadedEditorAssemblies (655ms)
				LogAssemblyErrors (0ms)
				InitializePlatformSupportModulesInManaged (47ms)
				SetLoadedEditorAssemblies (1ms)
				RefreshPlugins (1ms)
				BeforeProcessingInitializeOnLoad (116ms)
				ProcessInitializeOnLoadAttributes (419ms)
				ProcessInitializeOnLoadMethodAttributes (61ms)
				AfterProcessingInitializeOnLoad (10ms)
				EditorAssembliesLoaded (0ms)
			ExecutionOrderSort2 (0ms)
			AwakeInstancesAfterBackupRestoration (14ms)
Platform modules already initialized, skipping
Refreshing native plugins compatible for Editor in 3.60 ms, found 4 plugins.
Preloading 0 native plugins for Editor in 0.00 ms.
Unloading 3731 Unused Serialized files (Serialized files now loaded: 0)
Unloading 28 unused Assets / (195.2 KB). Loaded Objects now: 4215.
Memory consumption went from 147.8 MB to 147.7 MB.
Total: 6.676900 ms (FindLiveObjects: 0.488100 ms CreateObjectMapping: 0.639700 ms MarkObjects: 5.079500 ms  DeleteObjects: 0.467800 ms)

AssetImportParameters requested are different than current active one (requested -> active):
  custom:video-decoder-ogg-theora: a1e56fd34408186e4bbccfd4996cb3dc -> 
  custom:container-muxer-webm: aa71ff27fc2769a1b78a27578f13a17b -> 
  custom:container-demuxer-webm: 4f35f7cbe854078d1ac9338744f61a02 -> 
  custom:video-encoder-webm-vp8: eb34c28f22e8b96e1ab97ce403110664 -> 
  custom:video-codec-MediaFoundation-h265: 746d11721c4dcdbdad8f713fa42b33f4 -> 
  custom:audio-encoder-webm-vorbis: bf7c407c2cedff20999df2af8eb42d56 -> 
  custom:framework-win-MediaFoundation: 216162199b28c13a410421893ffa2e32 -> 
  custom:container-demuxer-ogg: 62fdf1f143b41e24485cea50d1cbac27 -> 
  custom:video-decoder-webm-vp8: 9c59270c3fd7afecdb556c50c9e8de78 -> 
  custom:audio-decoder-ogg-vorbis: bf7c407c2cedff20999df2af8eb42d56 -> 
========================================================================
Received Prepare
Registering precompiled user dll's ...
Registered in 0.007496 seconds.
Begin MonoManager ReloadAssembly
Symbol file LoadedFromMemory doesn't match image C:\Users\am393\OneDrive\Escritorio\NOVENO CICLO\VIDEOJUEGOS\UNITY\Prácticas\Library\PackageCache\com.unity.visualscripting@1.8.0\Editor\VisualScripting.Core\Dependencies\YamlDotNet\Unity.VisualScripting.YamlDotNet.dll
Symbol file LoadedFromMemory doesn't match image C:\Users\am393\OneDrive\Escritorio\NOVENO CICLO\VIDEOJUEGOS\UNITY\Prácticas\Library\PackageCache\com.unity.visualscripting@1.8.0\Editor\VisualScripting.Core\Dependencies\DotNetZip\Unity.VisualScripting.IonicZip.dll
Native extension for WindowsStandalone target not found
Native extension for iOS target not found
Native extension for Android target not found
Native extension for WebGL target not found
Refreshing native plugins compatible for Editor in 1.65 ms, found 4 plugins.
Preloading 0 native plugins for Editor in 0.00 ms.
Mono: successfully reloaded assembly
- Completed reload, in  1.730 seconds
Domain Reload Profiling:
	ReloadAssembly (1731ms)
		BeginReloadAssembly (157ms)
			ExecutionOrderSort (0ms)
			DisableScriptedObjects (7ms)
			BackupInstance (0ms)
			ReleaseScriptingObjects (0ms)
			CreateAndSetChildDomain (37ms)
		EndReloadAssembly (1422ms)
			LoadAssemblies (128ms)
			RebuildTransferFunctionScriptingTraits (0ms)
			SetupTypeCache (437ms)
			ReleaseScriptCaches (2ms)
			RebuildScriptCaches (86ms)
			SetupLoadedEditorAssemblies (660ms)
				LogAssemblyErrors (0ms)
				InitializePlatformSupportModulesInManaged (52ms)
				SetLoadedEditorAssemblies (1ms)
				RefreshPlugins (2ms)
				BeforeProcessingInitializeOnLoad (113ms)
				ProcessInitializeOnLoadAttributes (426ms)
				ProcessInitializeOnLoadMethodAttributes (58ms)
				AfterProcessingInitializeOnLoad (8ms)
				EditorAssembliesLoaded (0ms)
			ExecutionOrderSort2 (0ms)
			AwakeInstancesAfterBackupRestoration (14ms)
Platform modules already initialized, skipping
Refreshing native plugins compatible for Editor in 4.29 ms, found 4 plugins.
Preloading 0 native plugins for Editor in 0.00 ms.
Unloading 3731 Unused Serialized files (Serialized files now loaded: 0)
Unloading 28 unused Assets / (195.6 KB). Loaded Objects now: 4218.
Memory consumption went from 147.9 MB to 147.7 MB.
Total: 4.735600 ms (FindLiveObjects: 0.438000 ms CreateObjectMapping: 0.293500 ms MarkObjects: 3.750700 ms  DeleteObjects: 0.250300 ms)

AssetImportParameters requested are different than current active one (requested -> active):
  custom:video-decoder-ogg-theora: a1e56fd34408186e4bbccfd4996cb3dc -> 
  custom:container-muxer-webm: aa71ff27fc2769a1b78a27578f13a17b -> 
  custom:container-demuxer-webm: 4f35f7cbe854078d1ac9338744f61a02 -> 
  custom:video-encoder-webm-vp8: eb34c28f22e8b96e1ab97ce403110664 -> 
  custom:video-codec-MediaFoundation-h265: 746d11721c4dcdbdad8f713fa42b33f4 -> 
  custom:audio-encoder-webm-vorbis: bf7c407c2cedff20999df2af8eb42d56 -> 
  custom:framework-win-MediaFoundation: 216162199b28c13a410421893ffa2e32 -> 
  custom:container-demuxer-ogg: 62fdf1f143b41e24485cea50d1cbac27 -> 
  custom:video-decoder-webm-vp8: 9c59270c3fd7afecdb556c50c9e8de78 -> 
  custom:audio-decoder-ogg-vorbis: bf7c407c2cedff20999df2af8eb42d56 -> 
========================================================================
Received Prepare
Registering precompiled user dll's ...
Registered in 0.005549 seconds.
Begin MonoManager ReloadAssembly
Symbol file LoadedFromMemory doesn't match image C:\Users\am393\OneDrive\Escritorio\NOVENO CICLO\VIDEOJUEGOS\UNITY\Prácticas\Library\PackageCache\com.unity.visualscripting@1.8.0\Editor\VisualScripting.Core\Dependencies\YamlDotNet\Unity.VisualScripting.YamlDotNet.dll
Symbol file LoadedFromMemory doesn't match image C:\Users\am393\OneDrive\Escritorio\NOVENO CICLO\VIDEOJUEGOS\UNITY\Prácticas\Library\PackageCache\com.unity.visualscripting@1.8.0\Editor\VisualScripting.Core\Dependencies\DotNetZip\Unity.VisualScripting.IonicZip.dll
Native extension for WindowsStandalone target not found
Native extension for iOS target not found
Native extension for Android target not found
Native extension for WebGL target not found
Refreshing native plugins compatible for Editor in 4.38 ms, found 4 plugins.
Preloading 0 native plugins for Editor in 0.00 ms.
Mono: successfully reloaded assembly
- Completed reload, in  1.626 seconds
Domain Reload Profiling:
	ReloadAssembly (1628ms)
		BeginReloadAssembly (157ms)
			ExecutionOrderSort (0ms)
			DisableScriptedObjects (12ms)
			BackupInstance (0ms)
			ReleaseScriptingObjects (0ms)
			CreateAndSetChildDomain (42ms)
		EndReloadAssembly (1330ms)
			LoadAssemblies (121ms)
			RebuildTransferFunctionScriptingTraits (0ms)
			SetupTypeCache (405ms)
			ReleaseScriptCaches (2ms)
			RebuildScriptCaches (87ms)
			SetupLoadedEditorAssemblies (601ms)
				LogAssemblyErrors (0ms)
				InitializePlatformSupportModulesInManaged (68ms)
				SetLoadedEditorAssemblies (2ms)
				RefreshPlugins (4ms)
				BeforeProcessingInitializeOnLoad (120ms)
				ProcessInitializeOnLoadAttributes (334ms)
				ProcessInitializeOnLoadMethodAttributes (64ms)
				AfterProcessingInitializeOnLoad (7ms)
				EditorAssembliesLoaded (0ms)
			ExecutionOrderSort2 (0ms)
			AwakeInstancesAfterBackupRestoration (14ms)
Platform modules already initialized, skipping
Refreshing native plugins compatible for Editor in 4.39 ms, found 4 plugins.
Preloading 0 native plugins for Editor in 0.00 ms.
Unloading 3731 Unused Serialized files (Serialized files now loaded: 0)
Unloading 28 unused Assets / (195.9 KB). Loaded Objects now: 4221.
Memory consumption went from 147.9 MB to 147.7 MB.
Total: 5.563900 ms (FindLiveObjects: 0.426200 ms CreateObjectMapping: 0.373000 ms MarkObjects: 4.508900 ms  DeleteObjects: 0.253000 ms)

AssetImportParameters requested are different than current active one (requested -> active):
  custom:video-decoder-ogg-theora: a1e56fd34408186e4bbccfd4996cb3dc -> 
  custom:container-muxer-webm: aa71ff27fc2769a1b78a27578f13a17b -> 
  custom:container-demuxer-webm: 4f35f7cbe854078d1ac9338744f61a02 -> 
  custom:video-encoder-webm-vp8: eb34c28f22e8b96e1ab97ce403110664 -> 
  custom:video-codec-MediaFoundation-h265: 746d11721c4dcdbdad8f713fa42b33f4 -> 
  custom:audio-encoder-webm-vorbis: bf7c407c2cedff20999df2af8eb42d56 -> 
  custom:framework-win-MediaFoundation: 216162199b28c13a410421893ffa2e32 -> 
  custom:container-demuxer-ogg: 62fdf1f143b41e24485cea50d1cbac27 -> 
  custom:video-decoder-webm-vp8: 9c59270c3fd7afecdb556c50c9e8de78 -> 
  custom:audio-decoder-ogg-vorbis: bf7c407c2cedff20999df2af8eb42d56 -> 
========================================================================
Received Prepare
Registering precompiled user dll's ...
Registered in 0.008389 seconds.
Begin MonoManager ReloadAssembly
Symbol file LoadedFromMemory doesn't match image C:\Users\am393\OneDrive\Escritorio\NOVENO CICLO\VIDEOJUEGOS\UNITY\Prácticas\Library\PackageCache\com.unity.visualscripting@1.8.0\Editor\VisualScripting.Core\Dependencies\YamlDotNet\Unity.VisualScripting.YamlDotNet.dll
Symbol file LoadedFromMemory doesn't match image C:\Users\am393\OneDrive\Escritorio\NOVENO CICLO\VIDEOJUEGOS\UNITY\Prácticas\Library\PackageCache\com.unity.visualscripting@1.8.0\Editor\VisualScripting.Core\Dependencies\DotNetZip\Unity.VisualScripting.IonicZip.dll
Native extension for WindowsStandalone target not found
Native extension for iOS target not found
Native extension for Android target not found
Native extension for WebGL target not found
Refreshing native plugins compatible for Editor in 1.43 ms, found 4 plugins.
Preloading 0 native plugins for Editor in 0.00 ms.
Mono: successfully reloaded assembly
- Completed reload, in  1.804 seconds
Domain Reload Profiling:
	ReloadAssembly (1805ms)
		BeginReloadAssembly (199ms)
			ExecutionOrderSort (0ms)
			DisableScriptedObjects (12ms)
			BackupInstance (0ms)
			ReleaseScriptingObjects (0ms)
			CreateAndSetChildDomain (52ms)
		EndReloadAssembly (1408ms)
			LoadAssemblies (147ms)
			RebuildTransferFunctionScriptingTraits (0ms)
			SetupTypeCache (431ms)
			ReleaseScriptCaches (2ms)
			RebuildScriptCaches (97ms)
			SetupLoadedEditorAssemblies (604ms)
				LogAssemblyErrors (0ms)
				InitializePlatformSupportModulesInManaged (58ms)
				SetLoadedEditorAssemblies (1ms)
				RefreshPlugins (2ms)
				BeforeProcessingInitializeOnLoad (122ms)
				ProcessInitializeOnLoadAttributes (349ms)
				ProcessInitializeOnLoadMethodAttributes (65ms)
				AfterProcessingInitializeOnLoad (8ms)
				EditorAssembliesLoaded (0ms)
			ExecutionOrderSort2 (0ms)
			AwakeInstancesAfterBackupRestoration (15ms)
Platform modules already initialized, skipping
Refreshing native plugins compatible for Editor in 4.08 ms, found 4 plugins.
Preloading 0 native plugins for Editor in 0.00 ms.
Unloading 3731 Unused Serialized files (Serialized files now loaded: 0)
Unloading 28 unused Assets / (195.7 KB). Loaded Objects now: 4224.
Memory consumption went from 147.9 MB to 147.7 MB.
Total: 4.476000 ms (FindLiveObjects: 0.386200 ms CreateObjectMapping: 0.302500 ms MarkObjects: 3.587400 ms  DeleteObjects: 0.198000 ms)

AssetImportParameters requested are different than current active one (requested -> active):
  custom:video-decoder-ogg-theora: a1e56fd34408186e4bbccfd4996cb3dc -> 
  custom:container-muxer-webm: aa71ff27fc2769a1b78a27578f13a17b -> 
  custom:container-demuxer-webm: 4f35f7cbe854078d1ac9338744f61a02 -> 
  custom:video-encoder-webm-vp8: eb34c28f22e8b96e1ab97ce403110664 -> 
  custom:video-codec-MediaFoundation-h265: 746d11721c4dcdbdad8f713fa42b33f4 -> 
  custom:audio-encoder-webm-vorbis: bf7c407c2cedff20999df2af8eb42d56 -> 
  custom:framework-win-MediaFoundation: 216162199b28c13a410421893ffa2e32 -> 
  custom:container-demuxer-ogg: 62fdf1f143b41e24485cea50d1cbac27 -> 
  custom:video-decoder-webm-vp8: 9c59270c3fd7afecdb556c50c9e8de78 -> 
  custom:audio-decoder-ogg-vorbis: bf7c407c2cedff20999df2af8eb42d56 -> 
========================================================================
Received Import Request.
  Time since last request: 1798.625871 seconds.
  path: Assets/PIXEL/TIERRA.physicsMaterial2D
  artifactKey: Guid(e201c571366aab6489fc9b3d303a9b89) Importer(815301076,1909f56bfc062723c751e8b465ee728b)
Start importing Assets/PIXEL/TIERRA.physicsMaterial2D using Guid(e201c571366aab6489fc9b3d303a9b89) Importer(815301076,1909f56bfc062723c751e8b465ee728b)  -> (artifact id: 'eb801b785770d45369b9cde323434577') in 0.045036 seconds 
========================================================================
Received Import Request.
  Time since last request: 315.051020 seconds.
  path: Assets/Prefabs/Ninja.prefab
  artifactKey: Guid(f3eae07c81bce9c4b93eddf07444127c) Importer(815301076,1909f56bfc062723c751e8b465ee728b)
Start importing Assets/Prefabs/Ninja.prefab using Guid(f3eae07c81bce9c4b93eddf07444127c) Importer(815301076,1909f56bfc062723c751e8b465ee728b)  -> (artifact id: '4e3d2eacfd0fa6ca3d794cc46e127cb2') in 0.275691 seconds 
========================================================================
Received Prepare
Registering precompiled user dll's ...
Registered in 0.006566 seconds.
Begin MonoManager ReloadAssembly
Symbol file LoadedFromMemory doesn't match image C:\Users\am393\OneDrive\Escritorio\NOVENO CICLO\VIDEOJUEGOS\UNITY\Prácticas\Library\PackageCache\com.unity.visualscripting@1.8.0\Editor\VisualScripting.Core\Dependencies\YamlDotNet\Unity.VisualScripting.YamlDotNet.dll
Symbol file LoadedFromMemory doesn't match image C:\Users\am393\OneDrive\Escritorio\NOVENO CICLO\VIDEOJUEGOS\UNITY\Prácticas\Library\PackageCache\com.unity.visualscripting@1.8.0\Editor\VisualScripting.Core\Dependencies\DotNetZip\Unity.VisualScripting.IonicZip.dll
Native extension for WindowsStandalone target not found
Native extension for iOS target not found
Native extension for Android target not found
Native extension for WebGL target not found
Refreshing native plugins compatible for Editor in 2.13 ms, found 4 plugins.
Preloading 0 native plugins for Editor in 0.00 ms.
Mono: successfully reloaded assembly
- Completed reload, in  1.726 seconds
Domain Reload Profiling:
	ReloadAssembly (1727ms)
		BeginReloadAssembly (159ms)
			ExecutionOrderSort (0ms)
			DisableScriptedObjects (8ms)
			BackupInstance (0ms)
			ReleaseScriptingObjects (0ms)
			CreateAndSetChildDomain (41ms)
		EndReloadAssembly (1449ms)
			LoadAssemblies (111ms)
			RebuildTransferFunctionScriptingTraits (0ms)
			SetupTypeCache (409ms)
			ReleaseScriptCaches (5ms)
			RebuildScriptCaches (121ms)
			SetupLoadedEditorAssemblies (658ms)
				LogAssemblyErrors (0ms)
				InitializePlatformSupportModulesInManaged (92ms)
				SetLoadedEditorAssemblies (1ms)
				RefreshPlugins (2ms)
				BeforeProcessingInitializeOnLoad (130ms)
				ProcessInitializeOnLoadAttributes (366ms)
				ProcessInitializeOnLoadMethodAttributes (59ms)
				AfterProcessingInitializeOnLoad (8ms)
				EditorAssembliesLoaded (0ms)
			ExecutionOrderSort2 (0ms)
			AwakeInstancesAfterBackupRestoration (12ms)
Platform modules already initialized, skipping
Refreshing native plugins compatible for Editor in 4.60 ms, found 4 plugins.
Preloading 0 native plugins for Editor in 0.00 ms.
Unloading 3731 Unused Serialized files (Serialized files now loaded: 0)
Unloading 28 unused Assets / (195.8 KB). Loaded Objects now: 4232.
Memory consumption went from 148.0 MB to 147.8 MB.
Total: 4.933200 ms (FindLiveObjects: 0.415900 ms CreateObjectMapping: 0.322400 ms MarkObjects: 3.818300 ms  DeleteObjects: 0.374500 ms)

AssetImportParameters requested are different than current active one (requested -> active):
  custom:video-decoder-ogg-theora: a1e56fd34408186e4bbccfd4996cb3dc -> 
  custom:container-muxer-webm: aa71ff27fc2769a1b78a27578f13a17b -> 
  custom:container-demuxer-webm: 4f35f7cbe854078d1ac9338744f61a02 -> 
  custom:video-encoder-webm-vp8: eb34c28f22e8b96e1ab97ce403110664 -> 
  custom:video-codec-MediaFoundation-h265: 746d11721c4dcdbdad8f713fa42b33f4 -> 
  custom:audio-encoder-webm-vorbis: bf7c407c2cedff20999df2af8eb42d56 -> 
  custom:framework-win-MediaFoundation: 216162199b28c13a410421893ffa2e32 -> 
  custom:container-demuxer-ogg: 62fdf1f143b41e24485cea50d1cbac27 -> 
  custom:video-decoder-webm-vp8: 9c59270c3fd7afecdb556c50c9e8de78 -> 
  custom:audio-decoder-ogg-vorbis: bf7c407c2cedff20999df2af8eb42d56 -> 
========================================================================
Received Prepare
Registering precompiled user dll's ...
Registered in 0.007257 seconds.
Begin MonoManager ReloadAssembly
Symbol file LoadedFromMemory doesn't match image C:\Users\am393\OneDrive\Escritorio\NOVENO CICLO\VIDEOJUEGOS\UNITY\Prácticas\Library\PackageCache\com.unity.visualscripting@1.8.0\Editor\VisualScripting.Core\Dependencies\YamlDotNet\Unity.VisualScripting.YamlDotNet.dll
Symbol file LoadedFromMemory doesn't match image C:\Users\am393\OneDrive\Escritorio\NOVENO CICLO\VIDEOJUEGOS\UNITY\Prácticas\Library\PackageCache\com.unity.visualscripting@1.8.0\Editor\VisualScripting.Core\Dependencies\DotNetZip\Unity.VisualScripting.IonicZip.dll
Native extension for WindowsStandalone target not found
Native extension for iOS target not found
Native extension for Android target not found
Native extension for WebGL target not found
Refreshing native plugins compatible for Editor in 1.60 ms, found 4 plugins.
Preloading 0 native plugins for Editor in 0.00 ms.
Mono: successfully reloaded assembly
- Completed reload, in  1.620 seconds
Domain Reload Profiling:
	ReloadAssembly (1621ms)
		BeginReloadAssembly (154ms)
			ExecutionOrderSort (0ms)
			DisableScriptedObjects (8ms)
			BackupInstance (0ms)
			ReleaseScriptingObjects (0ms)
			CreateAndSetChildDomain (51ms)
		EndReloadAssembly (1348ms)
			LoadAssemblies (103ms)
			RebuildTransferFunctionScriptingTraits (0ms)
			SetupTypeCache (404ms)
			ReleaseScriptCaches (2ms)
			RebuildScriptCaches (88ms)
			SetupLoadedEditorAssemblies (616ms)
				LogAssemblyErrors (0ms)
				InitializePlatformSupportModulesInManaged (54ms)
				SetLoadedEditorAssemblies (1ms)
				RefreshPlugins (2ms)
				BeforeProcessingInitializeOnLoad (149ms)
				ProcessInitializeOnLoadAttributes (338ms)
				ProcessInitializeOnLoadMethodAttributes (63ms)
				AfterProcessingInitializeOnLoad (9ms)
				EditorAssembliesLoaded (0ms)
			ExecutionOrderSort2 (0ms)
			AwakeInstancesAfterBackupRestoration (13ms)
Platform modules already initialized, skipping
Refreshing native plugins compatible for Editor in 3.02 ms, found 4 plugins.
Preloading 0 native plugins for Editor in 0.00 ms.
Unloading 3731 Unused Serialized files (Serialized files now loaded: 0)
Unloading 28 unused Assets / (195.6 KB). Loaded Objects now: 4235.
Memory consumption went from 148.0 MB to 147.8 MB.
Total: 5.823000 ms (FindLiveObjects: 0.369100 ms CreateObjectMapping: 0.305500 ms MarkObjects: 4.831600 ms  DeleteObjects: 0.314900 ms)

AssetImportParameters requested are different than current active one (requested -> active):
  custom:video-decoder-ogg-theora: a1e56fd34408186e4bbccfd4996cb3dc -> 
  custom:container-muxer-webm: aa71ff27fc2769a1b78a27578f13a17b -> 
  custom:container-demuxer-webm: 4f35f7cbe854078d1ac9338744f61a02 -> 
  custom:video-encoder-webm-vp8: eb34c28f22e8b96e1ab97ce403110664 -> 
  custom:video-codec-MediaFoundation-h265: 746d11721c4dcdbdad8f713fa42b33f4 -> 
  custom:audio-encoder-webm-vorbis: bf7c407c2cedff20999df2af8eb42d56 -> 
  custom:framework-win-MediaFoundation: 216162199b28c13a410421893ffa2e32 -> 
  custom:container-demuxer-ogg: 62fdf1f143b41e24485cea50d1cbac27 -> 
  custom:video-decoder-webm-vp8: 9c59270c3fd7afecdb556c50c9e8de78 -> 
  custom:audio-decoder-ogg-vorbis: bf7c407c2cedff20999df2af8eb42d56 -> 
========================================================================
Received Prepare
Registering precompiled user dll's ...
Registered in 0.004473 seconds.
Begin MonoManager ReloadAssembly
Symbol file LoadedFromMemory doesn't match image C:\Users\am393\OneDrive\Escritorio\NOVENO CICLO\VIDEOJUEGOS\UNITY\Prácticas\Library\PackageCache\com.unity.visualscripting@1.8.0\Editor\VisualScripting.Core\Dependencies\YamlDotNet\Unity.VisualScripting.YamlDotNet.dll
Symbol file LoadedFromMemory doesn't match image C:\Users\am393\OneDrive\Escritorio\NOVENO CICLO\VIDEOJUEGOS\UNITY\Prácticas\Library\PackageCache\com.unity.visualscripting@1.8.0\Editor\VisualScripting.Core\Dependencies\DotNetZip\Unity.VisualScripting.IonicZip.dll
Native extension for WindowsStandalone target not found
Native extension for iOS target not found
Native extension for Android target not found
Native extension for WebGL target not found
Refreshing native plugins compatible for Editor in 0.84 ms, found 4 plugins.
Preloading 0 native plugins for Editor in 0.00 ms.
Mono: successfully reloaded assembly
- Completed reload, in  1.777 seconds
Domain Reload Profiling:
	ReloadAssembly (1778ms)
		BeginReloadAssembly (145ms)
			ExecutionOrderSort (0ms)
			DisableScriptedObjects (9ms)
			BackupInstance (0ms)
			ReleaseScriptingObjects (0ms)
			CreateAndSetChildDomain (40ms)
		EndReloadAssembly (1505ms)
			LoadAssemblies (130ms)
			RebuildTransferFunctionScriptingTraits (0ms)
			SetupTypeCache (451ms)
			ReleaseScriptCaches (2ms)
			RebuildScriptCaches (83ms)
			SetupLoadedEditorAssemblies (659ms)
				LogAssemblyErrors (0ms)
				InitializePlatformSupportModulesInManaged (60ms)
				SetLoadedEditorAssemblies (1ms)
				RefreshPlugins (1ms)
				BeforeProcessingInitializeOnLoad (133ms)
				ProcessInitializeOnLoadAttributes (377ms)
				ProcessInitializeOnLoadMethodAttributes (73ms)
				AfterProcessingInitializeOnLoad (14ms)
				EditorAssembliesLoaded (0ms)
			ExecutionOrderSort2 (0ms)
			AwakeInstancesAfterBackupRestoration (24ms)
Platform modules already initialized, skipping
Refreshing native plugins compatible for Editor in 4.11 ms, found 4 plugins.
Preloading 0 native plugins for Editor in 0.00 ms.
Unloading 3731 Unused Serialized files (Serialized files now loaded: 0)
Unloading 28 unused Assets / (195.8 KB). Loaded Objects now: 4238.
Memory consumption went from 148.0 MB to 147.8 MB.
Total: 5.728300 ms (FindLiveObjects: 0.376900 ms CreateObjectMapping: 0.268000 ms MarkObjects: 4.488200 ms  DeleteObjects: 0.593700 ms)

AssetImportParameters requested are different than current active one (requested -> active):
  custom:video-decoder-ogg-theora: a1e56fd34408186e4bbccfd4996cb3dc -> 
  custom:container-muxer-webm: aa71ff27fc2769a1b78a27578f13a17b -> 
  custom:container-demuxer-webm: 4f35f7cbe854078d1ac9338744f61a02 -> 
  custom:video-encoder-webm-vp8: eb34c28f22e8b96e1ab97ce403110664 -> 
  custom:video-codec-MediaFoundation-h265: 746d11721c4dcdbdad8f713fa42b33f4 -> 
  custom:audio-encoder-webm-vorbis: bf7c407c2cedff20999df2af8eb42d56 -> 
  custom:framework-win-MediaFoundation: 216162199b28c13a410421893ffa2e32 -> 
  custom:container-demuxer-ogg: 62fdf1f143b41e24485cea50d1cbac27 -> 
  custom:video-decoder-webm-vp8: 9c59270c3fd7afecdb556c50c9e8de78 -> 
  custom:audio-decoder-ogg-vorbis: bf7c407c2cedff20999df2af8eb42d56 -> 
========================================================================
Received Prepare
Registering precompiled user dll's ...
Registered in 0.007770 seconds.
Begin MonoManager ReloadAssembly
Symbol file LoadedFromMemory doesn't match image C:\Users\am393\OneDrive\Escritorio\NOVENO CICLO\VIDEOJUEGOS\UNITY\Prácticas\Library\PackageCache\com.unity.visualscripting@1.8.0\Editor\VisualScripting.Core\Dependencies\YamlDotNet\Unity.VisualScripting.YamlDotNet.dll
Symbol file LoadedFromMemory doesn't match image C:\Users\am393\OneDrive\Escritorio\NOVENO CICLO\VIDEOJUEGOS\UNITY\Prácticas\Library\PackageCache\com.unity.visualscripting@1.8.0\Editor\VisualScripting.Core\Dependencies\DotNetZip\Unity.VisualScripting.IonicZip.dll
Native extension for WindowsStandalone target not found
Native extension for iOS target not found
Native extension for Android target not found
Native extension for WebGL target not found
Refreshing native plugins compatible for Editor in 1.43 ms, found 4 plugins.
Preloading 0 native plugins for Editor in 0.00 ms.
Mono: successfully reloaded assembly
- Completed reload, in  1.592 seconds
Domain Reload Profiling:
	ReloadAssembly (1593ms)
		BeginReloadAssembly (172ms)
			ExecutionOrderSort (0ms)
			DisableScriptedObjects (9ms)
			BackupInstance (0ms)
			ReleaseScriptingObjects (0ms)
			CreateAndSetChildDomain (38ms)
		EndReloadAssembly (1286ms)
			LoadAssemblies (124ms)
			RebuildTransferFunctionScriptingTraits (0ms)
			SetupTypeCache (408ms)
			ReleaseScriptCaches (2ms)
			RebuildScriptCaches (78ms)
			SetupLoadedEditorAssemblies (599ms)
				LogAssemblyErrors (0ms)
				InitializePlatformSupportModulesInManaged (50ms)
				SetLoadedEditorAssemblies (1ms)
				RefreshPlugins (2ms)
				BeforeProcessingInitializeOnLoad (112ms)
				ProcessInitializeOnLoadAttributes (363ms)
				ProcessInitializeOnLoadMethodAttributes (62ms)
				AfterProcessingInitializeOnLoad (9ms)
				EditorAssembliesLoaded (0ms)
			ExecutionOrderSort2 (0ms)
			AwakeInstancesAfterBackupRestoration (10ms)
Platform modules already initialized, skipping
Refreshing native plugins compatible for Editor in 1.96 ms, found 4 plugins.
Preloading 0 native plugins for Editor in 0.00 ms.
Unloading 3731 Unused Serialized files (Serialized files now loaded: 0)
Unloading 28 unused Assets / (195.7 KB). Loaded Objects now: 4241.
Memory consumption went from 148.0 MB to 147.8 MB.
Total: 3.270800 ms (FindLiveObjects: 0.547000 ms CreateObjectMapping: 0.196900 ms MarkObjects: 2.364400 ms  DeleteObjects: 0.160000 ms)

AssetImportParameters requested are different than current active one (requested -> active):
  custom:video-decoder-ogg-theora: a1e56fd34408186e4bbccfd4996cb3dc -> 
  custom:container-muxer-webm: aa71ff27fc2769a1b78a27578f13a17b -> 
  custom:container-demuxer-webm: 4f35f7cbe854078d1ac9338744f61a02 -> 
  custom:video-encoder-webm-vp8: eb34c28f22e8b96e1ab97ce403110664 -> 
  custom:video-codec-MediaFoundation-h265: 746d11721c4dcdbdad8f713fa42b33f4 -> 
  custom:audio-encoder-webm-vorbis: bf7c407c2cedff20999df2af8eb42d56 -> 
  custom:framework-win-MediaFoundation: 216162199b28c13a410421893ffa2e32 -> 
  custom:container-demuxer-ogg: 62fdf1f143b41e24485cea50d1cbac27 -> 
  custom:video-decoder-webm-vp8: 9c59270c3fd7afecdb556c50c9e8de78 -> 
  custom:audio-decoder-ogg-vorbis: bf7c407c2cedff20999df2af8eb42d56 -> 
========================================================================
Received Prepare
Registering precompiled user dll's ...
Registered in 0.010145 seconds.
Begin MonoManager ReloadAssembly
Symbol file LoadedFromMemory doesn't match image C:\Users\am393\OneDrive\Escritorio\NOVENO CICLO\VIDEOJUEGOS\UNITY\Prácticas\Library\PackageCache\com.unity.visualscripting@1.8.0\Editor\VisualScripting.Core\Dependencies\YamlDotNet\Unity.VisualScripting.YamlDotNet.dll
Symbol file LoadedFromMemory doesn't match image C:\Users\am393\OneDrive\Escritorio\NOVENO CICLO\VIDEOJUEGOS\UNITY\Prácticas\Library\PackageCache\com.unity.visualscripting@1.8.0\Editor\VisualScripting.Core\Dependencies\DotNetZip\Unity.VisualScripting.IonicZip.dll
Native extension for WindowsStandalone target not found
Native extension for iOS target not found
Native extension for Android target not found
Native extension for WebGL target not found
Refreshing native plugins compatible for Editor in 0.85 ms, found 4 plugins.
Preloading 0 native plugins for Editor in 0.00 ms.
Mono: successfully reloaded assembly
- Completed reload, in  1.558 seconds
Domain Reload Profiling:
	ReloadAssembly (1559ms)
		BeginReloadAssembly (151ms)
			ExecutionOrderSort (0ms)
			DisableScriptedObjects (10ms)
			BackupInstance (0ms)
			ReleaseScriptingObjects (0ms)
			CreateAndSetChildDomain (38ms)
		EndReloadAssembly (1290ms)
			LoadAssemblies (98ms)
			RebuildTransferFunctionScriptingTraits (0ms)
			SetupTypeCache (398ms)
			ReleaseScriptCaches (4ms)
			RebuildScriptCaches (93ms)
			SetupLoadedEditorAssemblies (593ms)
				LogAssemblyErrors (0ms)
				InitializePlatformSupportModulesInManaged (46ms)
				SetLoadedEditorAssemblies (1ms)
				RefreshPlugins (1ms)
				BeforeProcessingInitializeOnLoad (131ms)
				ProcessInitializeOnLoadAttributes (347ms)
				ProcessInitializeOnLoadMethodAttributes (60ms)
				AfterProcessingInitializeOnLoad (8ms)
				EditorAssembliesLoaded (0ms)
			ExecutionOrderSort2 (0ms)
			AwakeInstancesAfterBackupRestoration (11ms)
Platform modules already initialized, skipping
Refreshing native plugins compatible for Editor in 2.12 ms, found 4 plugins.
Preloading 0 native plugins for Editor in 0.00 ms.
Unloading 3731 Unused Serialized files (Serialized files now loaded: 0)
Unloading 28 unused Assets / (195.7 KB). Loaded Objects now: 4244.
Memory consumption went from 148.0 MB to 147.8 MB.
Total: 3.696400 ms (FindLiveObjects: 0.433700 ms CreateObjectMapping: 0.382500 ms MarkObjects: 2.651500 ms  DeleteObjects: 0.227200 ms)

AssetImportParameters requested are different than current active one (requested -> active):
  custom:video-decoder-ogg-theora: a1e56fd34408186e4bbccfd4996cb3dc -> 
  custom:container-muxer-webm: aa71ff27fc2769a1b78a27578f13a17b -> 
  custom:container-demuxer-webm: 4f35f7cbe854078d1ac9338744f61a02 -> 
  custom:video-encoder-webm-vp8: eb34c28f22e8b96e1ab97ce403110664 -> 
  custom:video-codec-MediaFoundation-h265: 746d11721c4dcdbdad8f713fa42b33f4 -> 
  custom:audio-encoder-webm-vorbis: bf7c407c2cedff20999df2af8eb42d56 -> 
  custom:framework-win-MediaFoundation: 216162199b28c13a410421893ffa2e32 -> 
  custom:container-demuxer-ogg: 62fdf1f143b41e24485cea50d1cbac27 -> 
  custom:video-decoder-webm-vp8: 9c59270c3fd7afecdb556c50c9e8de78 -> 
  custom:audio-decoder-ogg-vorbis: bf7c407c2cedff20999df2af8eb42d56 -> 
========================================================================
Received Prepare
Registering precompiled user dll's ...
Registered in 0.006174 seconds.
Begin MonoManager ReloadAssembly
Symbol file LoadedFromMemory doesn't match image C:\Users\am393\OneDrive\Escritorio\NOVENO CICLO\VIDEOJUEGOS\UNITY\Prácticas\Library\PackageCache\com.unity.visualscripting@1.8.0\Editor\VisualScripting.Core\Dependencies\YamlDotNet\Unity.VisualScripting.YamlDotNet.dll
Symbol file LoadedFromMemory doesn't match image C:\Users\am393\OneDrive\Escritorio\NOVENO CICLO\VIDEOJUEGOS\UNITY\Prácticas\Library\PackageCache\com.unity.visualscripting@1.8.0\Editor\VisualScripting.Core\Dependencies\DotNetZip\Unity.VisualScripting.IonicZip.dll
Native extension for WindowsStandalone target not found
Native extension for iOS target not found
Native extension for Android target not found
Native extension for WebGL target not found
Refreshing native plugins compatible for Editor in 1.07 ms, found 4 plugins.
Preloading 0 native plugins for Editor in 0.00 ms.
Mono: successfully reloaded assembly
- Completed reload, in  1.802 seconds
Domain Reload Profiling:
	ReloadAssembly (1804ms)
		BeginReloadAssembly (163ms)
			ExecutionOrderSort (0ms)
			DisableScriptedObjects (10ms)
			BackupInstance (0ms)
			ReleaseScriptingObjects (0ms)
			CreateAndSetChildDomain (42ms)
		EndReloadAssembly (1495ms)
			LoadAssemblies (129ms)
			RebuildTransferFunctionScriptingTraits (0ms)
			SetupTypeCache (472ms)
			ReleaseScriptCaches (2ms)
			RebuildScriptCaches (92ms)
			SetupLoadedEditorAssemblies (658ms)
				LogAssemblyErrors (0ms)
				InitializePlatformSupportModulesInManaged (52ms)
				SetLoadedEditorAssemblies (1ms)
				RefreshPlugins (1ms)
				BeforeProcessingInitializeOnLoad (130ms)
				ProcessInitializeOnLoadAttributes (399ms)
				ProcessInitializeOnLoadMethodAttributes (67ms)
				AfterProcessingInitializeOnLoad (8ms)
				EditorAssembliesLoaded (0ms)
			ExecutionOrderSort2 (0ms)
			AwakeInstancesAfterBackupRestoration (15ms)
Platform modules already initialized, skipping
Refreshing native plugins compatible for Editor in 3.21 ms, found 4 plugins.
Preloading 0 native plugins for Editor in 0.00 ms.
Unloading 3731 Unused Serialized files (Serialized files now loaded: 0)
Unloading 28 unused Assets / (195.5 KB). Loaded Objects now: 4247.
Memory consumption went from 148.0 MB to 147.9 MB.
Total: 5.167400 ms (FindLiveObjects: 0.951400 ms CreateObjectMapping: 0.358600 ms MarkObjects: 3.647800 ms  DeleteObjects: 0.206200 ms)

AssetImportParameters requested are different than current active one (requested -> active):
  custom:video-decoder-ogg-theora: a1e56fd34408186e4bbccfd4996cb3dc -> 
  custom:container-muxer-webm: aa71ff27fc2769a1b78a27578f13a17b -> 
  custom:container-demuxer-webm: 4f35f7cbe854078d1ac9338744f61a02 -> 
  custom:video-encoder-webm-vp8: eb34c28f22e8b96e1ab97ce403110664 -> 
  custom:video-codec-MediaFoundation-h265: 746d11721c4dcdbdad8f713fa42b33f4 -> 
  custom:audio-encoder-webm-vorbis: bf7c407c2cedff20999df2af8eb42d56 -> 
  custom:framework-win-MediaFoundation: 216162199b28c13a410421893ffa2e32 -> 
  custom:container-demuxer-ogg: 62fdf1f143b41e24485cea50d1cbac27 -> 
  custom:video-decoder-webm-vp8: 9c59270c3fd7afecdb556c50c9e8de78 -> 
  custom:audio-decoder-ogg-vorbis: bf7c407c2cedff20999df2af8eb42d56 -> 
========================================================================
Received Import Request.
  Time since last request: 272.285677 seconds.
  path: Assets/PIXEL/PALETA/PIXEL.prefab
  artifactKey: Guid(73a3689bd2c687644a09456a607927ec) Importer(815301076,1909f56bfc062723c751e8b465ee728b)
Start importing Assets/PIXEL/PALETA/PIXEL.prefab using Guid(73a3689bd2c687644a09456a607927ec) Importer(815301076,1909f56bfc062723c751e8b465ee728b)  -> (artifact id: '4218d2f0ac8d46e031d1c739a7c5f863') in 0.125270 seconds 
========================================================================
Received Import Request.
  Time since last request: 0.000061 seconds.
  path: Assets/PIXEL/PALETA/pixel_platform_01_tileset_final_24.asset
  artifactKey: Guid(16626772e52d9454a93941439514eb70) Importer(815301076,1909f56bfc062723c751e8b465ee728b)
Start importing Assets/PIXEL/PALETA/pixel_platform_01_tileset_final_24.asset using Guid(16626772e52d9454a93941439514eb70) Importer(815301076,1909f56bfc062723c751e8b465ee728b)  -> (artifact id: '9c500ce0a06b5ac9697d82b136b18bcf') in 0.029235 seconds 
========================================================================
Received Import Request.
  Time since last request: 0.000043 seconds.
  path: Assets/PIXEL/PALETA/pixel_platform_01_tileset_final_5.asset
  artifactKey: Guid(891ce9d6bf8ea8d48b5d8afe2e133feb) Importer(815301076,1909f56bfc062723c751e8b465ee728b)
Start importing Assets/PIXEL/PALETA/pixel_platform_01_tileset_final_5.asset using Guid(891ce9d6bf8ea8d48b5d8afe2e133feb) Importer(815301076,1909f56bfc062723c751e8b465ee728b)  -> (artifact id: '1dd386cbf0f423ebe2b4559142fa970d') in 0.012278 seconds 
========================================================================
Received Import Request.
  Time since last request: 0.000031 seconds.
  path: Assets/PIXEL/PALETA/pixel_platform_01_tileset_final_1.asset
  artifactKey: Guid(8e6963b0e4c880c4186329648cf5c058) Importer(815301076,1909f56bfc062723c751e8b465ee728b)
Start importing Assets/PIXEL/PALETA/pixel_platform_01_tileset_final_1.asset using Guid(8e6963b0e4c880c4186329648cf5c058) Importer(815301076,1909f56bfc062723c751e8b465ee728b)  -> (artifact id: 'c8a947001d8b7ede82ff73140d4516ab') in 0.009697 seconds 
========================================================================
Received Import Request.
  Time since last request: 0.000034 seconds.
  path: Assets/PIXEL/PALETA/pixel_platform_01_tileset_final_21.asset
  artifactKey: Guid(4c1b813735c53ad4c86e6697d9b1b392) Importer(815301076,1909f56bfc062723c751e8b465ee728b)
Start importing Assets/PIXEL/PALETA/pixel_platform_01_tileset_final_21.asset using Guid(4c1b813735c53ad4c86e6697d9b1b392) Importer(815301076,1909f56bfc062723c751e8b465ee728b)  -> (artifact id: '7ae74a6dfa8a4953e3411db1f8380ab5') in 0.012887 seconds 
========================================================================
Received Import Request.
  Time since last request: 0.000044 seconds.
  path: Assets/PIXEL/PALETA/pixel_platform_01_tileset_final_15.asset
  artifactKey: Guid(d53f3bcf486b71943959167f2f975a11) Importer(815301076,1909f56bfc062723c751e8b465ee728b)
Start importing Assets/PIXEL/PALETA/pixel_platform_01_tileset_final_15.asset using Guid(d53f3bcf486b71943959167f2f975a11) Importer(815301076,1909f56bfc062723c751e8b465ee728b)  -> (artifact id: 'cebf45266400d5a855e94ad6896b3411') in 0.012667 seconds 
========================================================================
Received Import Request.
  Time since last request: 0.000033 seconds.
  path: Assets/PIXEL/PALETA/pixel_platform_01_tileset_final_27.asset
  artifactKey: Guid(b380e0a60c59b254693e174e5e9ced88) Importer(815301076,1909f56bfc062723c751e8b465ee728b)
Start importing Assets/PIXEL/PALETA/pixel_platform_01_tileset_final_27.asset using Guid(b380e0a60c59b254693e174e5e9ced88) Importer(815301076,1909f56bfc062723c751e8b465ee728b)  -> (artifact id: '8367bf3f6a148537dfa2bcdffa442614') in 0.009808 seconds 
========================================================================
Received Import Request.
  Time since last request: 0.000026 seconds.
  path: Assets/PIXEL/PALETA/pixel_platform_01_tileset_final_13.asset
  artifactKey: Guid(b694287f357acbe44b303f83eb5f703a) Importer(815301076,1909f56bfc062723c751e8b465ee728b)
Start importing Assets/PIXEL/PALETA/pixel_platform_01_tileset_final_13.asset using Guid(b694287f357acbe44b303f83eb5f703a) Importer(815301076,1909f56bfc062723c751e8b465ee728b)  -> (artifact id: '83053ae1e61304043daadd4d0927b4fe') in 0.010299 seconds 
========================================================================
Received Import Request.
  Time since last request: 0.000056 seconds.
  path: Assets/PIXEL/PALETA/pixel_platform_01_tileset_final_9.asset
  artifactKey: Guid(54e449e3f0a98d346a026490d1d44671) Importer(815301076,1909f56bfc062723c751e8b465ee728b)
Start importing Assets/PIXEL/PALETA/pixel_platform_01_tileset_final_9.asset using Guid(54e449e3f0a98d346a026490d1d44671) Importer(815301076,1909f56bfc062723c751e8b465ee728b)  -> (artifact id: '05c9cc43551baaf3de8e196f8cc07b03') in 0.009789 seconds 
========================================================================
Received Import Request.
  Time since last request: 0.000020 seconds.
  path: Assets/PIXEL/PALETA/pixel_platform_01_tileset_final_31.asset
  artifactKey: Guid(3102dc4cedcf5a1439a9fa1e20125f91) Importer(815301076,1909f56bfc062723c751e8b465ee728b)
Start importing Assets/PIXEL/PALETA/pixel_platform_01_tileset_final_31.asset using Guid(3102dc4cedcf5a1439a9fa1e20125f91) Importer(815301076,1909f56bfc062723c751e8b465ee728b)  -> (artifact id: 'fa52c9ff1f046412cc06956b61387ecb') in 0.011368 seconds 
========================================================================
Received Import Request.
  Time since last request: 0.000034 seconds.
  path: Assets/PIXEL/PALETA/pixel_platform_01_tileset_final_6.asset
  artifactKey: Guid(f58c91fc372368b439ced7f9824d5679) Importer(815301076,1909f56bfc062723c751e8b465ee728b)
Start importing Assets/PIXEL/PALETA/pixel_platform_01_tileset_final_6.asset using Guid(f58c91fc372368b439ced7f9824d5679) Importer(815301076,1909f56bfc062723c751e8b465ee728b)  -> (artifact id: '7a19d1efb104bb0299c5f33baf15efa8') in 0.013229 seconds 
========================================================================
Received Import Request.
  Time since last request: 0.000079 seconds.
  path: Assets/PIXEL/PALETA/pixel_platform_01_tileset_final_12.asset
  artifactKey: Guid(7970c0e638f74f24485f08bcf71bbfd1) Importer(815301076,1909f56bfc062723c751e8b465ee728b)
Start importing Assets/PIXEL/PALETA/pixel_platform_01_tileset_final_12.asset using Guid(7970c0e638f74f24485f08bcf71bbfd1) Importer(815301076,1909f56bfc062723c751e8b465ee728b)  -> (artifact id: '182aa1591929d9475892b0850e5cdc50') in 0.008842 seconds 
========================================================================
Received Import Request.
  Time since last request: 0.000030 seconds.
  path: Assets/PIXEL/PALETA/pixel_platform_01_tileset_final_14.asset
  artifactKey: Guid(bea83435a9ba3ed49862c44c4ebb97eb) Importer(815301076,1909f56bfc062723c751e8b465ee728b)
Start importing Assets/PIXEL/PALETA/pixel_platform_01_tileset_final_14.asset using Guid(bea83435a9ba3ed49862c44c4ebb97eb) Importer(815301076,1909f56bfc062723c751e8b465ee728b)  -> (artifact id: '1a559feff62ab8c8f8c688133c2adc1c') in 0.009798 seconds 
========================================================================
Received Import Request.
  Time since last request: 0.000046 seconds.
  path: Assets/PIXEL/PALETA/pixel_platform_01_tileset_final_28.asset
  artifactKey: Guid(20a8f23f97cabb047b4a8a5a576bde39) Importer(815301076,1909f56bfc062723c751e8b465ee728b)
Start importing Assets/PIXEL/PALETA/pixel_platform_01_tileset_final_28.asset using Guid(20a8f23f97cabb047b4a8a5a576bde39) Importer(815301076,1909f56bfc062723c751e8b465ee728b)  -> (artifact id: '79f670172a34efa95f109985e6d4f300') in 0.011512 seconds 
========================================================================
Received Import Request.
  Time since last request: 0.000026 seconds.
  path: Assets/PIXEL/PALETA/pixel_platform_01_tileset_final_16.asset
  artifactKey: Guid(6d9cfa3ae24fead4a97461bad445e037) Importer(815301076,1909f56bfc062723c751e8b465ee728b)
Start importing Assets/PIXEL/PALETA/pixel_platform_01_tileset_final_16.asset using Guid(6d9cfa3ae24fead4a97461bad445e037) Importer(815301076,1909f56bfc062723c751e8b465ee728b)  -> (artifact id: '5bc85c13d7ebe4c51bc5dd075ada677e') in 0.011658 seconds 
========================================================================
Received Import Request.
  Time since last request: 0.000027 seconds.
  path: Assets/PIXEL/PALETA/pixel_platform_01_tileset_final_20.asset
  artifactKey: Guid(aa03c6e5e8862c84a828505903fdfe91) Importer(815301076,1909f56bfc062723c751e8b465ee728b)
Start importing Assets/PIXEL/PALETA/pixel_platform_01_tileset_final_20.asset using Guid(aa03c6e5e8862c84a828505903fdfe91) Importer(815301076,1909f56bfc062723c751e8b465ee728b)  -> (artifact id: 'dbb785f9332275a2c354f41b9486b73d') in 0.009598 seconds 
========================================================================
Received Import Request.
  Time since last request: 5.858805 seconds.
  path: Assets/PIXEL/Pixel_Platformer_Tileset_Pack/Asset_02/pixel_platform_02_tileset_final.png
  artifactKey: Guid(548a16738fc304d47a608a2f7add0fe1) Importer(815301076,1909f56bfc062723c751e8b465ee728b)
Start importing Assets/PIXEL/Pixel_Platformer_Tileset_Pack/Asset_02/pixel_platform_02_tileset_final.png using Guid(548a16738fc304d47a608a2f7add0fe1) Importer(815301076,1909f56bfc062723c751e8b465ee728b)  -> (artifact id: 'e8525360ffcca9d88e8d8096ec47c9ce') in 0.049080 seconds 
========================================================================
Received Import Request.
  Time since last request: 1.810520 seconds.
  path: Assets/PIXEL/Pixel_Platformer_Tileset_Pack/Asset_03/pixel_platform_03_tileset_final.png
  artifactKey: Guid(0f7f80ac41b605e4fbeffe111b35712d) Importer(815301076,1909f56bfc062723c751e8b465ee728b)
Start importing Assets/PIXEL/Pixel_Platformer_Tileset_Pack/Asset_03/pixel_platform_03_tileset_final.png using Guid(0f7f80ac41b605e4fbeffe111b35712d) Importer(815301076,1909f56bfc062723c751e8b465ee728b)  -> (artifact id: 'a02b4e84bbd5aa335e63dd1464a18ca5') in 0.029822 seconds 
========================================================================
Received Prepare
Registering precompiled user dll's ...
Registered in 0.009930 seconds.
Begin MonoManager ReloadAssembly
Symbol file LoadedFromMemory doesn't match image C:\Users\am393\OneDrive\Escritorio\NOVENO CICLO\VIDEOJUEGOS\UNITY\Prácticas\Library\PackageCache\com.unity.visualscripting@1.8.0\Editor\VisualScripting.Core\Dependencies\YamlDotNet\Unity.VisualScripting.YamlDotNet.dll
Symbol file LoadedFromMemory doesn't match image C:\Users\am393\OneDrive\Escritorio\NOVENO CICLO\VIDEOJUEGOS\UNITY\Prácticas\Library\PackageCache\com.unity.visualscripting@1.8.0\Editor\VisualScripting.Core\Dependencies\DotNetZip\Unity.VisualScripting.IonicZip.dll
Native extension for WindowsStandalone target not found
Native extension for iOS target not found
Native extension for Android target not found
Native extension for WebGL target not found
Refreshing native plugins compatible for Editor in 1.11 ms, found 4 plugins.
Preloading 0 native plugins for Editor in 0.00 ms.
Mono: successfully reloaded assembly
- Completed reload, in  1.671 seconds
Domain Reload Profiling:
	ReloadAssembly (1672ms)
		BeginReloadAssembly (154ms)
			ExecutionOrderSort (0ms)
			DisableScriptedObjects (10ms)
			BackupInstance (0ms)
			ReleaseScriptingObjects (0ms)
			CreateAndSetChildDomain (44ms)
		EndReloadAssembly (1404ms)
			LoadAssemblies (107ms)
			RebuildTransferFunctionScriptingTraits (0ms)
			SetupTypeCache (432ms)
			ReleaseScriptCaches (3ms)
			RebuildScriptCaches (112ms)
			SetupLoadedEditorAssemblies (605ms)
				LogAssemblyErrors (0ms)
				InitializePlatformSupportModulesInManaged (53ms)
				SetLoadedEditorAssemblies (1ms)
				RefreshPlugins (1ms)
				BeforeProcessingInitializeOnLoad (113ms)
				ProcessInitializeOnLoadAttributes (369ms)
				ProcessInitializeOnLoadMethodAttributes (60ms)
				AfterProcessingInitializeOnLoad (9ms)
				EditorAssembliesLoaded (0ms)
			ExecutionOrderSort2 (0ms)
			AwakeInstancesAfterBackupRestoration (19ms)
Platform modules already initialized, skipping
Refreshing native plugins compatible for Editor in 3.37 ms, found 4 plugins.
Preloading 0 native plugins for Editor in 0.00 ms.
Unloading 3731 Unused Serialized files (Serialized files now loaded: 0)
Unloading 28 unused Assets / (195.8 KB). Loaded Objects now: 4251.
Memory consumption went from 148.1 MB to 147.9 MB.
Total: 4.147700 ms (FindLiveObjects: 0.336700 ms CreateObjectMapping: 0.207300 ms MarkObjects: 3.324700 ms  DeleteObjects: 0.277500 ms)

AssetImportParameters requested are different than current active one (requested -> active):
  custom:video-decoder-ogg-theora: a1e56fd34408186e4bbccfd4996cb3dc -> 
  custom:container-muxer-webm: aa71ff27fc2769a1b78a27578f13a17b -> 
  custom:container-demuxer-webm: 4f35f7cbe854078d1ac9338744f61a02 -> 
  custom:video-encoder-webm-vp8: eb34c28f22e8b96e1ab97ce403110664 -> 
  custom:video-codec-MediaFoundation-h265: 746d11721c4dcdbdad8f713fa42b33f4 -> 
  custom:audio-encoder-webm-vorbis: bf7c407c2cedff20999df2af8eb42d56 -> 
  custom:framework-win-MediaFoundation: 216162199b28c13a410421893ffa2e32 -> 
  custom:container-demuxer-ogg: 62fdf1f143b41e24485cea50d1cbac27 -> 
  custom:video-decoder-webm-vp8: 9c59270c3fd7afecdb556c50c9e8de78 -> 
  custom:audio-decoder-ogg-vorbis: bf7c407c2cedff20999df2af8eb42d56 -> 
========================================================================
Received Prepare
Registering precompiled user dll's ...
Registered in 0.009929 seconds.
Begin MonoManager ReloadAssembly
Symbol file LoadedFromMemory doesn't match image C:\Users\am393\OneDrive\Escritorio\NOVENO CICLO\VIDEOJUEGOS\UNITY\Prácticas\Library\PackageCache\com.unity.visualscripting@1.8.0\Editor\VisualScripting.Core\Dependencies\YamlDotNet\Unity.VisualScripting.YamlDotNet.dll
Symbol file LoadedFromMemory doesn't match image C:\Users\am393\OneDrive\Escritorio\NOVENO CICLO\VIDEOJUEGOS\UNITY\Prácticas\Library\PackageCache\com.unity.visualscripting@1.8.0\Editor\VisualScripting.Core\Dependencies\DotNetZip\Unity.VisualScripting.IonicZip.dll
Native extension for WindowsStandalone target not found
Native extension for iOS target not found
Native extension for Android target not found
Native extension for WebGL target not found
Refreshing native plugins compatible for Editor in 5.08 ms, found 4 plugins.
Preloading 0 native plugins for Editor in 0.00 ms.
Mono: successfully reloaded assembly
- Completed reload, in  2.206 seconds
Domain Reload Profiling:
	ReloadAssembly (2208ms)
		BeginReloadAssembly (268ms)
			ExecutionOrderSort (0ms)
			DisableScriptedObjects (9ms)
			BackupInstance (0ms)
			ReleaseScriptingObjects (0ms)
			CreateAndSetChildDomain (57ms)
		EndReloadAssembly (1655ms)
			LoadAssemblies (229ms)
			RebuildTransferFunctionScriptingTraits (0ms)
			SetupTypeCache (518ms)
			ReleaseScriptCaches (3ms)
			RebuildScriptCaches (136ms)
			SetupLoadedEditorAssemblies (713ms)
				LogAssemblyErrors (0ms)
				InitializePlatformSupportModulesInManaged (99ms)
				SetLoadedEditorAssemblies (3ms)
				RefreshPlugins (5ms)
				BeforeProcessingInitializeOnLoad (155ms)
				ProcessInitializeOnLoadAttributes (367ms)
				ProcessInitializeOnLoadMethodAttributes (75ms)
				AfterProcessingInitializeOnLoad (8ms)
				EditorAssembliesLoaded (0ms)
			ExecutionOrderSort2 (0ms)
			AwakeInstancesAfterBackupRestoration (15ms)
Platform modules already initialized, skipping
Refreshing native plugins compatible for Editor in 4.62 ms, found 4 plugins.
Preloading 0 native plugins for Editor in 0.00 ms.
Unloading 3731 Unused Serialized files (Serialized files now loaded: 0)
Unloading 28 unused Assets / (195.9 KB). Loaded Objects now: 4254.
Memory consumption went from 148.1 MB to 147.9 MB.
Total: 5.191600 ms (FindLiveObjects: 0.428400 ms CreateObjectMapping: 0.219300 ms MarkObjects: 4.131400 ms  DeleteObjects: 0.410900 ms)

AssetImportParameters requested are different than current active one (requested -> active):
  custom:video-decoder-ogg-theora: a1e56fd34408186e4bbccfd4996cb3dc -> 
  custom:container-muxer-webm: aa71ff27fc2769a1b78a27578f13a17b -> 
  custom:container-demuxer-webm: 4f35f7cbe854078d1ac9338744f61a02 -> 
  custom:video-encoder-webm-vp8: eb34c28f22e8b96e1ab97ce403110664 -> 
  custom:video-codec-MediaFoundation-h265: 746d11721c4dcdbdad8f713fa42b33f4 -> 
  custom:audio-encoder-webm-vorbis: bf7c407c2cedff20999df2af8eb42d56 -> 
  custom:framework-win-MediaFoundation: 216162199b28c13a410421893ffa2e32 -> 
  custom:container-demuxer-ogg: 62fdf1f143b41e24485cea50d1cbac27 -> 
  custom:video-decoder-webm-vp8: 9c59270c3fd7afecdb556c50c9e8de78 -> 
  custom:audio-decoder-ogg-vorbis: bf7c407c2cedff20999df2af8eb42d56 -> 
========================================================================
Received Prepare
Registering precompiled user dll's ...
Registered in 0.006371 seconds.
Begin MonoManager ReloadAssembly
Symbol file LoadedFromMemory doesn't match image C:\Users\am393\OneDrive\Escritorio\NOVENO CICLO\VIDEOJUEGOS\UNITY\Prácticas\Library\PackageCache\com.unity.visualscripting@1.8.0\Editor\VisualScripting.Core\Dependencies\YamlDotNet\Unity.VisualScripting.YamlDotNet.dll
Symbol file LoadedFromMemory doesn't match image C:\Users\am393\OneDrive\Escritorio\NOVENO CICLO\VIDEOJUEGOS\UNITY\Prácticas\Library\PackageCache\com.unity.visualscripting@1.8.0\Editor\VisualScripting.Core\Dependencies\DotNetZip\Unity.VisualScripting.IonicZip.dll
Native extension for WindowsStandalone target not found
Native extension for iOS target not found
Native extension for Android target not found
Native extension for WebGL target not found
Refreshing native plugins compatible for Editor in 0.69 ms, found 4 plugins.
Preloading 0 native plugins for Editor in 0.00 ms.
Mono: successfully reloaded assembly
- Completed reload, in  1.712 seconds
Domain Reload Profiling:
	ReloadAssembly (1713ms)
		BeginReloadAssembly (152ms)
			ExecutionOrderSort (0ms)
			DisableScriptedObjects (8ms)
			BackupInstance (0ms)
			ReleaseScriptingObjects (0ms)
			CreateAndSetChildDomain (38ms)
		EndReloadAssembly (1438ms)
			LoadAssemblies (107ms)
			RebuildTransferFunctionScriptingTraits (0ms)
			SetupTypeCache (439ms)
			ReleaseScriptCaches (10ms)
			RebuildScriptCaches (104ms)
			SetupLoadedEditorAssemblies (622ms)
				LogAssemblyErrors (0ms)
				InitializePlatformSupportModulesInManaged (59ms)
				SetLoadedEditorAssemblies (1ms)
				RefreshPlugins (1ms)
				BeforeProcessingInitializeOnLoad (115ms)
				ProcessInitializeOnLoadAttributes (375ms)
				ProcessInitializeOnLoadMethodAttributes (61ms)
				AfterProcessingInitializeOnLoad (9ms)
				EditorAssembliesLoaded (0ms)
			ExecutionOrderSort2 (0ms)
			AwakeInstancesAfterBackupRestoration (15ms)
Platform modules already initialized, skipping
Refreshing native plugins compatible for Editor in 4.42 ms, found 4 plugins.
Preloading 0 native plugins for Editor in 0.00 ms.
Unloading 3731 Unused Serialized files (Serialized files now loaded: 0)
Unloading 28 unused Assets / (195.9 KB). Loaded Objects now: 4257.
Memory consumption went from 148.1 MB to 147.9 MB.
Total: 4.786700 ms (FindLiveObjects: 0.655400 ms CreateObjectMapping: 0.519900 ms MarkObjects: 3.420400 ms  DeleteObjects: 0.188900 ms)

AssetImportParameters requested are different than current active one (requested -> active):
  custom:video-decoder-ogg-theora: a1e56fd34408186e4bbccfd4996cb3dc -> 
  custom:container-muxer-webm: aa71ff27fc2769a1b78a27578f13a17b -> 
  custom:container-demuxer-webm: 4f35f7cbe854078d1ac9338744f61a02 -> 
  custom:video-encoder-webm-vp8: eb34c28f22e8b96e1ab97ce403110664 -> 
  custom:video-codec-MediaFoundation-h265: 746d11721c4dcdbdad8f713fa42b33f4 -> 
  custom:audio-encoder-webm-vorbis: bf7c407c2cedff20999df2af8eb42d56 -> 
  custom:framework-win-MediaFoundation: 216162199b28c13a410421893ffa2e32 -> 
  custom:container-demuxer-ogg: 62fdf1f143b41e24485cea50d1cbac27 -> 
  custom:video-decoder-webm-vp8: 9c59270c3fd7afecdb556c50c9e8de78 -> 
  custom:audio-decoder-ogg-vorbis: bf7c407c2cedff20999df2af8eb42d56 -> 
========================================================================
Received Prepare
Registering precompiled user dll's ...
Registered in 0.011530 seconds.
Begin MonoManager ReloadAssembly
Symbol file LoadedFromMemory doesn't match image C:\Users\am393\OneDrive\Escritorio\NOVENO CICLO\VIDEOJUEGOS\UNITY\Prácticas\Library\PackageCache\com.unity.visualscripting@1.8.0\Editor\VisualScripting.Core\Dependencies\YamlDotNet\Unity.VisualScripting.YamlDotNet.dll
Symbol file LoadedFromMemory doesn't match image C:\Users\am393\OneDrive\Escritorio\NOVENO CICLO\VIDEOJUEGOS\UNITY\Prácticas\Library\PackageCache\com.unity.visualscripting@1.8.0\Editor\VisualScripting.Core\Dependencies\DotNetZip\Unity.VisualScripting.IonicZip.dll
Native extension for WindowsStandalone target not found
Native extension for iOS target not found
Native extension for Android target not found
Native extension for WebGL target not found
Refreshing native plugins compatible for Editor in 1.53 ms, found 4 plugins.
Preloading 0 native plugins for Editor in 0.00 ms.
Mono: successfully reloaded assembly
- Completed reload, in  1.736 seconds
Domain Reload Profiling:
	ReloadAssembly (1738ms)
		BeginReloadAssembly (161ms)
			ExecutionOrderSort (0ms)
			DisableScriptedObjects (11ms)
			BackupInstance (0ms)
			ReleaseScriptingObjects (0ms)
			CreateAndSetChildDomain (44ms)
		EndReloadAssembly (1449ms)
			LoadAssemblies (104ms)
			RebuildTransferFunctionScriptingTraits (0ms)
			SetupTypeCache (467ms)
			ReleaseScriptCaches (3ms)
			RebuildScriptCaches (95ms)
			SetupLoadedEditorAssemblies (633ms)
				LogAssemblyErrors (0ms)
				InitializePlatformSupportModulesInManaged (61ms)
				SetLoadedEditorAssemblies (1ms)
				RefreshPlugins (2ms)
				BeforeProcessingInitializeOnLoad (115ms)
				ProcessInitializeOnLoadAttributes (369ms)
				ProcessInitializeOnLoadMethodAttributes (76ms)
				AfterProcessingInitializeOnLoad (8ms)
				EditorAssembliesLoaded (1ms)
			ExecutionOrderSort2 (0ms)
			AwakeInstancesAfterBackupRestoration (28ms)
Platform modules already initialized, skipping
Refreshing native plugins compatible for Editor in 3.30 ms, found 4 plugins.
Preloading 0 native plugins for Editor in 0.00 ms.
Unloading 3731 Unused Serialized files (Serialized files now loaded: 0)
Unloading 28 unused Assets / (195.8 KB). Loaded Objects now: 4260.
Memory consumption went from 148.1 MB to 147.9 MB.
Total: 4.155900 ms (FindLiveObjects: 0.422100 ms CreateObjectMapping: 0.180600 ms MarkObjects: 3.341700 ms  DeleteObjects: 0.209400 ms)

AssetImportParameters requested are different than current active one (requested -> active):
  custom:video-decoder-ogg-theora: a1e56fd34408186e4bbccfd4996cb3dc -> 
  custom:container-muxer-webm: aa71ff27fc2769a1b78a27578f13a17b -> 
  custom:container-demuxer-webm: 4f35f7cbe854078d1ac9338744f61a02 -> 
  custom:video-encoder-webm-vp8: eb34c28f22e8b96e1ab97ce403110664 -> 
  custom:video-codec-MediaFoundation-h265: 746d11721c4dcdbdad8f713fa42b33f4 -> 
  custom:audio-encoder-webm-vorbis: bf7c407c2cedff20999df2af8eb42d56 -> 
  custom:framework-win-MediaFoundation: 216162199b28c13a410421893ffa2e32 -> 
  custom:container-demuxer-ogg: 62fdf1f143b41e24485cea50d1cbac27 -> 
  custom:video-decoder-webm-vp8: 9c59270c3fd7afecdb556c50c9e8de78 -> 
  custom:audio-decoder-ogg-vorbis: bf7c407c2cedff20999df2af8eb42d56 -> 
========================================================================
Received Prepare
Registering precompiled user dll's ...
Registered in 0.012884 seconds.
Begin MonoManager ReloadAssembly
Symbol file LoadedFromMemory doesn't match image C:\Users\am393\OneDrive\Escritorio\NOVENO CICLO\VIDEOJUEGOS\UNITY\Prácticas\Library\PackageCache\com.unity.visualscripting@1.8.0\Editor\VisualScripting.Core\Dependencies\YamlDotNet\Unity.VisualScripting.YamlDotNet.dll
Symbol file LoadedFromMemory doesn't match image C:\Users\am393\OneDrive\Escritorio\NOVENO CICLO\VIDEOJUEGOS\UNITY\Prácticas\Library\PackageCache\com.unity.visualscripting@1.8.0\Editor\VisualScripting.Core\Dependencies\DotNetZip\Unity.VisualScripting.IonicZip.dll
Native extension for WindowsStandalone target not found
Native extension for iOS target not found
Native extension for Android target not found
Native extension for WebGL target not found
Refreshing native plugins compatible for Editor in 1.38 ms, found 4 plugins.
Preloading 0 native plugins for Editor in 0.00 ms.
Mono: successfully reloaded assembly
- Completed reload, in  2.192 seconds
Domain Reload Profiling:
	ReloadAssembly (2197ms)
		BeginReloadAssembly (151ms)
			ExecutionOrderSort (0ms)
			DisableScriptedObjects (8ms)
			BackupInstance (0ms)
			ReleaseScriptingObjects (0ms)
			CreateAndSetChildDomain (38ms)
		EndReloadAssembly (1925ms)
			LoadAssemblies (117ms)
			RebuildTransferFunctionScriptingTraits (0ms)
			SetupTypeCache (615ms)
			ReleaseScriptCaches (9ms)
			RebuildScriptCaches (212ms)
			SetupLoadedEditorAssemblies (767ms)
				LogAssemblyErrors (0ms)
				InitializePlatformSupportModulesInManaged (78ms)
				SetLoadedEditorAssemblies (4ms)
				RefreshPlugins (2ms)
				BeforeProcessingInitializeOnLoad (132ms)
				ProcessInitializeOnLoadAttributes (456ms)
				ProcessInitializeOnLoadMethodAttributes (86ms)
				AfterProcessingInitializeOnLoad (9ms)
				EditorAssembliesLoaded (0ms)
			ExecutionOrderSort2 (0ms)
			AwakeInstancesAfterBackupRestoration (17ms)
Platform modules already initialized, skipping
Refreshing native plugins compatible for Editor in 4.52 ms, found 4 plugins.
Preloading 0 native plugins for Editor in 0.00 ms.
Unloading 3731 Unused Serialized files (Serialized files now loaded: 0)
Unloading 28 unused Assets / (195.6 KB). Loaded Objects now: 4263.
Memory consumption went from 148.1 MB to 147.9 MB.
Total: 5.287200 ms (FindLiveObjects: 0.352800 ms CreateObjectMapping: 0.199300 ms MarkObjects: 4.435500 ms  DeleteObjects: 0.287400 ms)

AssetImportParameters requested are different than current active one (requested -> active):
  custom:video-decoder-ogg-theora: a1e56fd34408186e4bbccfd4996cb3dc -> 
  custom:container-muxer-webm: aa71ff27fc2769a1b78a27578f13a17b -> 
  custom:container-demuxer-webm: 4f35f7cbe854078d1ac9338744f61a02 -> 
  custom:video-encoder-webm-vp8: eb34c28f22e8b96e1ab97ce403110664 -> 
  custom:video-codec-MediaFoundation-h265: 746d11721c4dcdbdad8f713fa42b33f4 -> 
  custom:audio-encoder-webm-vorbis: bf7c407c2cedff20999df2af8eb42d56 -> 
  custom:framework-win-MediaFoundation: 216162199b28c13a410421893ffa2e32 -> 
  custom:container-demuxer-ogg: 62fdf1f143b41e24485cea50d1cbac27 -> 
  custom:video-decoder-webm-vp8: 9c59270c3fd7afecdb556c50c9e8de78 -> 
  custom:audio-decoder-ogg-vorbis: bf7c407c2cedff20999df2af8eb42d56 -> 
========================================================================
Received Prepare
Registering precompiled user dll's ...
Registered in 0.006975 seconds.
Begin MonoManager ReloadAssembly
Symbol file LoadedFromMemory doesn't match image C:\Users\am393\OneDrive\Escritorio\NOVENO CICLO\VIDEOJUEGOS\UNITY\Prácticas\Library\PackageCache\com.unity.visualscripting@1.8.0\Editor\VisualScripting.Core\Dependencies\YamlDotNet\Unity.VisualScripting.YamlDotNet.dll
Symbol file LoadedFromMemory doesn't match image C:\Users\am393\OneDrive\Escritorio\NOVENO CICLO\VIDEOJUEGOS\UNITY\Prácticas\Library\PackageCache\com.unity.visualscripting@1.8.0\Editor\VisualScripting.Core\Dependencies\DotNetZip\Unity.VisualScripting.IonicZip.dll
Native extension for WindowsStandalone target not found
Native extension for iOS target not found
Native extension for Android target not found
Native extension for WebGL target not found
Refreshing native plugins compatible for Editor in 1.63 ms, found 4 plugins.
Preloading 0 native plugins for Editor in 0.00 ms.
Mono: successfully reloaded assembly
- Completed reload, in  2.086 seconds
Domain Reload Profiling:
	ReloadAssembly (2087ms)
		BeginReloadAssembly (153ms)
			ExecutionOrderSort (0ms)
			DisableScriptedObjects (11ms)
			BackupInstance (0ms)
			ReleaseScriptingObjects (0ms)
			CreateAndSetChildDomain (40ms)
		EndReloadAssembly (1806ms)
			LoadAssemblies (98ms)
			RebuildTransferFunctionScriptingTraits (0ms)
			SetupTypeCache (585ms)
			ReleaseScriptCaches (3ms)
			RebuildScriptCaches (118ms)
			SetupLoadedEditorAssemblies (809ms)
				LogAssemblyErrors (0ms)
				InitializePlatformSupportModulesInManaged (61ms)
				SetLoadedEditorAssemblies (1ms)
				RefreshPlugins (2ms)
				BeforeProcessingInitializeOnLoad (138ms)
				ProcessInitializeOnLoadAttributes (468ms)
				ProcessInitializeOnLoadMethodAttributes (116ms)
				AfterProcessingInitializeOnLoad (22ms)
				EditorAssembliesLoaded (0ms)
			ExecutionOrderSort2 (0ms)
			AwakeInstancesAfterBackupRestoration (29ms)
Platform modules already initialized, skipping
Refreshing native plugins compatible for Editor in 4.36 ms, found 4 plugins.
Preloading 0 native plugins for Editor in 0.00 ms.
Unloading 3731 Unused Serialized files (Serialized files now loaded: 0)
Unloading 28 unused Assets / (196.0 KB). Loaded Objects now: 4266.
Memory consumption went from 148.1 MB to 147.9 MB.
Total: 5.675600 ms (FindLiveObjects: 0.629900 ms CreateObjectMapping: 0.350500 ms MarkObjects: 4.456900 ms  DeleteObjects: 0.236000 ms)

AssetImportParameters requested are different than current active one (requested -> active):
  custom:video-decoder-ogg-theora: a1e56fd34408186e4bbccfd4996cb3dc -> 
  custom:container-muxer-webm: aa71ff27fc2769a1b78a27578f13a17b -> 
  custom:container-demuxer-webm: 4f35f7cbe854078d1ac9338744f61a02 -> 
  custom:video-encoder-webm-vp8: eb34c28f22e8b96e1ab97ce403110664 -> 
  custom:video-codec-MediaFoundation-h265: 746d11721c4dcdbdad8f713fa42b33f4 -> 
  custom:audio-encoder-webm-vorbis: bf7c407c2cedff20999df2af8eb42d56 -> 
  custom:framework-win-MediaFoundation: 216162199b28c13a410421893ffa2e32 -> 
  custom:container-demuxer-ogg: 62fdf1f143b41e24485cea50d1cbac27 -> 
  custom:video-decoder-webm-vp8: 9c59270c3fd7afecdb556c50c9e8de78 -> 
  custom:audio-decoder-ogg-vorbis: bf7c407c2cedff20999df2af8eb42d56 -> 
